10.928454 53.523299 0
10.983005 53.666545 0
11.203948 53.738168 0
11.259874 53.738168 0
11.316080 53.738168 0
11.372567 53.738168 0
11.429335 53.738168 0
11.486387 53.738168 0
11.543723 53.738168 0
11.601346 53.738168 0
11.659256 53.738168 0
11.717456 53.738168 0
11.775946 53.738168 0
11.893803 53.809791 0
11.953173 53.809791 0
12.012840 53.809791 0
12.072804 53.809791 0
12.133068 53.809791 0
12.193632 53.809791 0
12.254499 53.809791 0
12.315670 53.809791 0
12.377146 53.809791 0
12.438929 53.809791 0
12.501020 53.809791 0
12.563422 53.809791 0
12.626134 53.809791 0
12.689160 53.809791 0
12.752500 53.809791 0
12.816157 53.809791 0
12.880131 53.809791 0
12.944425 53.809791 0
13.073977 53.881414 0
13.139238 53.881414 0
13.204825 53.881414 0
13.270740 53.881414 0
13.336983 53.881414 0
13.403557 53.881414 0
13.470464 53.881414 0
13.537704 53.881414 0
13.605280 53.881414 0
13.878974 53.953038 0
13.948254 53.953038 0
14.017879 53.953038 0
14.087852 53.953038 0
14.158175 53.953038 0
14.228848 53.953038 0
14.299874 53.953038 0
14.371255 53.953038 0
14.442991 53.953038 0
14.515086 53.953038 0
14.733538 53.953038 0
15.029929 54.024661 0
15.104954 54.024661 0
15.180353 54.024661 0
15.256129 54.024661 0
15.332283 54.024661 0
15.563033 54.096284 0
15.640719 54.096284 0
15.718793 54.096284 0
15.797256 54.096284 0
15.955360 54.096284 0
16.276330 54.167907 0
16.357576 54.167907 0
16.439228 54.167907 0
16.521288 54.167907 0
16.769933 54.239530 0
16.853643 54.239530 0
16.937771 54.239530 0
17.278505 54.311153 0
17.364754 54.311153 0
17.451433 54.311153 0
17.538545 54.311153 0
17.891364 54.382776 0
17.980673 54.382776 0
18.251281 54.454399 0
18.342386 54.454399 0
18.433945 54.454399 0
18.525962 54.454399 0
18.804777 54.526022 0
18.898644 54.526022 0
19.183068 54.597646 0
19.278824 54.597646 0
19.666652 54.669269 0
19.764822 54.669269 0
19.962634 54.740892 0
20.062282 54.740892 0
20.465870 54.812515 0
20.568029 54.812515 0
20.773880 54.884138 0
21.086526 54.955761 0
21.191784 54.955761 0
21.510719 55.027384 0
21.618094 55.099007 0
21.726005 55.099007 0
22.052980 55.170630 0
22.163062 55.242254 0
22.496615 55.313877 0
22.835188 55.457123 0
22.949175 55.457123 0
23.063730 55.528746 0
23.294559 55.600369 0
23.527698 55.671992 0
23.645141 55.743615 0
23.881789 55.815238 0
24.362213 55.958485 0
24.483822 56.030108 0
24.852302 56.101731 0
25.101032 56.173354 0
25.352250 56.244977 0
25.478801 56.244977 0
25.862256 56.316600 0
26.121093 56.388223 0
26.646565 56.531470 0
26.779577 56.603093 0
26.913252 56.674716 0
27.047595 56.817962 0
27.182608 56.889585 0
27.318296 56.961208 0
27.591705 57.176078 0
27.729435 57.247701 0
27.867852 57.319324 0
28.006959 57.390947 0
28.146761 57.390947 0
28.287261 57.462570 0
28.428463 57.534193 0
28.712983 57.677439 0
29.000352 57.749062 0
29.145113 57.820685 0
29.290596 57.892309 0
29.436806 57.963932 0
29.583745 58.035555 0
29.879828 58.250424 0
30.028979 58.322047 0
30.178875 58.393670 0
30.329519 58.536917 0
30.480914 58.608540 0
30.633066 58.751786 0
30.939651 59.038278 0
31.094092 59.181525 0
31.249304 59.253148 0
31.405291 59.468017 0
31.719605 59.826133 0
31.877939 59.969379 0
32.037064 60.255871 0
32.196983 60.470741 0
32.357701 60.757233 0
32.519221 61.043725 0
32.681546 61.258595 0
32.844683 61.616710 0
33.008633 61.759957 0
33.173402 62.118072 0
33.338994 62.261318 0
33.505412 62.547811 0
33.672661 62.762680 0
33.840744 62.977549 0
34.009667 63.335665 0
34.179433 63.550534 0
34.350046 63.980273 0
34.521511 64.195142 0
34.693832 64.624881 0
34.867013 64.982996 0
35.041058 65.484358 0
35.215972 65.842474 0
35.391760 66.200589 0
35.568424 66.701951 0
35.924404 67.704675 0
36.103728 68.062790 0
36.283946 68.635775 0
36.647087 70.283107 0
36.830018 70.354730 0
37.013862 70.712845 0
37.198624 71.715569 0
37.384308 72.073684 0
37.570919 73.362900 0
37.758462 73.792639 0
37.946940 75.010232 0
38.136360 75.225101 0
38.903541 74.795363 0
39.097735 75.225101 0
39.292899 75.869709 0
39.686154 77.087302 0
39.884255 77.158925 0
40.083345 77.230548 0
40.283429 77.302171 0
40.484512 77.373794 0
40.686598 77.445418 0
40.889693 77.517041 0
41.093802 77.588664 0
41.298929 77.731910 0
41.505081 77.803533 0
41.712262 77.875156 0
41.920477 77.946779 0
42.129731 78.090026 0
42.340029 78.161649 0
42.551378 78.376518 0
42.763781 78.448141 0
43.191774 78.806257 0
43.624051 79.092749 0
43.841808 79.092749 0
44.723764 78.877880 0
44.947012 79.021126 0
45.396855 79.164372 0
45.623462 79.235995 0
45.851200 79.307618 0
46.080076 79.379242 0
46.310093 79.450865 0
46.541259 79.522488 0
46.773579 79.594111 0
47.007058 79.594111 0
47.952688 80.238719 0
48.192054 80.238719 0
48.432614 80.167096 0
48.674374 80.167096 0
48.917342 80.167096 0
49.161522 80.238719 0
49.901401 80.310342 0
50.150493 80.310342 0
50.400829 80.310342 0
50.652415 80.310342 0
51.414731 80.381965 0
51.671378 80.381965 0
52.449030 80.453588 0
52.973956 80.525211 0
53.504135 80.596834 0
53.771212 80.668458 0
54.039621 80.740081 0
55.126724 80.954950 0
55.401900 81.026573 0
55.678449 81.098196 0
55.956379 81.169819 0
56.235696 81.241442 0
57.366976 81.456312 0
57.653335 81.527935 0
57.941123 81.599558 0
58.521015 81.742804 0
59.106711 81.814427 0
59.401754 81.886050 0
60.596725 82.029297 0
60.899206 82.100920 0
61.203196 82.100920 0
61.508703 82.172543 0
62.124301 82.244166 0
62.746060 82.315789 0
63.059269 82.387412 0
64.327818 82.530658 0
64.971631 82.602282 0
65.949451 82.745528 0
66.278650 82.745528 0
66.609493 82.817151 0
67.276141 82.888774 0
68.629520 83.032020 0
70.010125 83.103643 0
70.710807 83.175266 0
71.063774 83.175266 0
72.493348 83.246890 0
72.855212 83.246890 0
73.218883 83.246890 0
73.584369 83.246890 0
74.320824 83.318513 0
75.064650 83.390136 0
75.439349 83.461759 0
76.194369 83.676628 0
76.574708 83.748251 0
76.956946 83.819874 0
77.341091 83.891497 0
78.505071 84.177990 0
78.896944 84.249613 0
79.290774 84.392859 0
79.686569 84.464482 0
80.084340 84.607729 0
80.484096 84.679352 0
80.885848 84.750975 0
82.103177 85.037467 0
82.513011 85.109090 0
82.924890 85.180713 0
83.338826 85.252337 0
84.593072 85.395583 0
85.015334 85.467206 0
86.294811 85.538829 0
87.158476 85.610452 0
87.593545 85.610452 0
88.470207 85.610452 0
90.249943 85.610452 0
90.700443 85.682075 0
91.153191 85.682075 0
91.608200 85.682075 0
92.065480 85.682075 0
92.525043 85.682075 0
92.986900 85.682075 0
93.451062 85.682075 0
93.917541 85.682075 0
94.386348 85.682075 0
94.857496 85.682075 0
95.330996 85.682075 0
95.806859 85.682075 0
96.285097 85.682075 0
96.765723 85.682075 0
97.248748 85.682075 0
97.734184 85.682075 0
98.222043 85.682075 0
98.712337 85.682075 0
99.205079 85.682075 0
99.700280 85.682075 0
100.197953 85.682075 0
102.213613 85.753698 0
102.723832 85.753698 0
103.236598 85.753698 0
103.751923 85.753698 0
104.269821 85.753698 0
104.790304 85.753698 0
106.898347 85.825321 0
107.431951 85.825321 0
107.968218 85.825321 0
108.507162 85.825321 0
110.140190 85.896945 0
111.242507 85.968568 0
112.355856 86.040191 0
112.916702 86.111814 0
114.616093 86.183437 0
115.188222 86.255060 0
116.341060 86.326683 0
117.505437 86.398306 0
118.681467 86.469929 0
120.467618 86.541553 0
121.673295 86.613176 0
123.504472 86.684799 0
124.120969 86.756422 0
125.988984 86.828045 0
127.249920 86.899668 0
129.809778 87.042914 0
130.457748 87.042914 0
131.108954 87.114537 0
133.746443 87.257784 0
135.759321 87.401030 0
137.802493 87.544276 0
138.490360 87.615899 0
139.876414 87.687522 0
140.574634 87.759145 0
142.690276 87.830769 0
143.402542 87.902392 0
144.118364 87.902392 0
146.287339 87.902392 0
147.017561 87.902392 0
147.751427 87.902392 0
148.488957 87.902392 0
149.230168 87.902392 0
149.975080 87.902392 0
150.723709 87.902392 0
151.476076 87.902392 0
152.232198 87.902392 0
152.992094 87.902392 0
153.755784 87.902392 0
154.523286 87.902392 0
155.294619 87.902392 0
156.069802 87.902392 0
156.848855 87.902392 0
160.004148 87.974015 0
160.802839 87.974015 0
161.605518 88.045638 0
162.412203 88.045638 0
165.679413 88.045638 0
166.506433 88.045638 0
167.337582 88.045638 0
168.172880 88.045638 0
171.555976 87.902392 0
175.007129 87.759145 0
175.880711 87.759145 0
176.758654 87.687522 0
177.640979 87.687522 0
178.527708 87.687522 0
179.418864 87.687522 0
183.028192 87.615899 0
183.941813 87.615899 0
184.859994 87.615899 0
185.782759 87.615899 0
189.520108 87.472653 0
191.416883 87.401030 0
192.372378 87.329407 0
194.297699 87.257784 0
195.267573 87.186161 0
196.242289 87.114537 0
200.190051 86.684799 0
201.189339 86.684799 0
202.193614 86.613176 0
203.202903 86.613176 0
204.217229 86.541553 0
205.236619 86.541553 0
208.325421 86.469929 0
209.365318 86.469929 0
211.460710 86.398306 0
214.643184 86.398306 0
218.961112 87.114537 0
220.054099 87.114537 0
221.152542 87.042914 0
222.256467 87.042914 0
223.365904 86.971291 0
224.480878 86.971291 0
225.601418 86.971291 0
226.727551 86.971291 0
228.996709 86.899668 0
230.139790 86.899668 0
231.288578 86.828045 0
232.443099 86.828045 0
233.603384 86.828045 0
234.769461 86.828045 0
235.941358 86.828045 0
237.119105 86.899668 0
239.492265 86.971291 0
240.687737 86.971291 0
244.310077 87.042914 0
246.755206 87.114537 0
247.986932 87.114537 0
249.224807 87.114537 0
254.238406 87.257784 0
255.507487 87.257784 0
256.782902 87.257784 0
258.064683 87.257784 0
259.352863 87.257784 0
260.647473 87.329407 0
261.948545 87.329407 0
263.256112 87.401030 0
267.218105 87.472653 0
269.892505 87.544276 0
272.593671 87.615899 0
275.321872 87.687522 0
278.077377 87.759145 0
282.262429 87.544276 0
287.940639 87.615899 0
289.377950 87.615899 0
290.822436 87.615899 0
292.274132 87.615899 0
293.733075 87.615899 0
295.199301 87.615899 0
296.672845 87.615899 0
298.153745 87.615899 0
299.642037 87.544276 0
301.137758 87.544276 0
302.640946 87.544276 0
304.151637 87.544276 0
310.270187 87.759145 0
311.818960 87.759145 0
316.511822 87.615899 0
322.879019 87.257784 0
324.490732 87.257784 0
326.110490 87.257784 0
327.738334 87.186161 0
329.374303 87.186161 0
331.018439 87.186161 0
332.670781 87.186161 0
339.363044 87.472653 0
341.057040 87.472653 0
342.759493 87.472653 0
344.470443 87.401030 0
346.189934 87.401030 0
347.918008 87.401030 0
349.654708 87.401030 0
351.400077 87.401030 0
353.154159 87.401030 0
354.916996 87.401030 0
358.469113 87.329407 0
360.258481 87.329407 0
367.505720 87.114537 0
369.340196 87.042914 0
371.183829 86.971291 0
374.898749 86.756422 0
376.770129 86.684799 0
378.650850 86.613176 0
384.349529 86.613176 0
386.268084 86.613176 0
388.196215 86.613176 0
390.133972 86.613176 0
397.982209 86.613176 0
399.968814 86.613176 0
401.965336 86.613176 0
403.971824 86.613176 0
405.988327 86.613176 0
408.014897 86.613176 0
410.051582 86.613176 0
412.098434 86.613176 0
414.155503 86.613176 0
416.222840 86.613176 0
418.300497 86.613176 0
420.388525 86.613176 0
422.486976 86.613176 0
424.595901 86.613176 0
426.715354 86.613176 0
428.845386 86.613176 0
430.986051 86.613176 0
433.137401 86.613176 0
435.299490 86.613176 0
439.656100 86.541553 0
444.056312 86.469929 0
446.272905 86.398306 0
450.739340 86.326683 0
457.522947 86.398306 0
459.806761 86.541553 0
464.408647 86.899668 0
469.056590 87.329407 0
471.397977 87.401030 0
473.751051 87.544276 0
476.115871 87.615899 0
485.693786 87.544276 0
490.554757 87.687522 0
493.003456 87.759145 0
497.937585 87.830769 0
500.423137 87.830769 0
502.921096 87.830769 0
505.431524 87.830769 0
510.490036 88.045638 0
513.038246 88.045638 0
518.172889 87.687522 0
525.971368 87.615899 0
536.552215 87.759145 0
539.230519 87.472653 0
550.078098 87.615899 0
552.823919 87.615899 0
555.583447 87.615899 0
558.356749 87.615899 0
569.589086 87.615899 0
572.432300 87.615899 0
583.947791 87.329407 0
586.862679 87.329407 0
589.792118 87.329407 0
592.736180 87.329407 0
595.694937 87.329407 0
601.656833 87.401030 0
604.660119 87.401030 0
616.823931 87.902392 0
626.107104 88.045638 0
629.232438 88.117261 0
638.702359 88.260507 0
645.094686 88.332130 0
648.314801 88.403753 0
661.356804 88.475377 0
664.658094 88.475377 0
671.310194 88.475377 0
674.661169 88.475377 0
678.028871 88.475377 0
684.814790 88.403753 0
688.233176 88.403753 0
691.668625 88.403753 0
695.121222 88.332130 0
698.591054 88.260507 0
705.582766 88.188884 0
709.104819 88.188884 0
716.201756 88.260507 0
719.776815 88.332130 0
730.609425 88.618623 0
734.256403 88.690246 0
737.921586 88.761869 0
741.605064 88.833492 0
756.523766 88.976738 0
764.095286 89.048361 0
779.466418 88.833492 0
783.357276 88.833492 0
787.267555 88.833492 0
791.197353 88.833492 0
795.146768 88.833492 0
799.115897 88.833492 0
815.191531 89.048361 0
827.460128 88.905115 0
844.105956 88.475377 0
848.319475 88.475377 0
856.809714 88.618623 0
865.384926 88.547000 0
882.793679 88.332130 0
887.200315 88.332130 0
891.628947 88.260507 0
896.079685 88.260507 0
900.552640 88.332130 0
905.047923 88.332130 0
918.668854 89.263231 0
923.254568 89.406477 0
927.863172 89.549723 0
932.494780 89.621346 0
946.528786 89.764593 0
951.253567 89.836216 0
970.389720 89.907839 0
975.233608 89.907839 0
980.101676 89.907839 0
984.994043 89.907839 0
994.852163 89.979462 0
1004.808946 90.051085 0
1009.824644 90.122708 0
1019.931276 90.194331 0
1030.139058 90.265954 0
1040.449003 90.337577 0
1056.107715 90.337577 0
1072.002089 90.194331 0
1088.135674 89.406477 0
1093.567313 89.334854 0
1099.026066 89.263231 0
1121.134926 89.263231 0
1138.007957 89.764593 0
1143.688544 89.836216 0
1155.134926 89.621346 0
1172.519656 89.621346 0
1178.372515 89.621346 0
1184.254589 89.478100 0
1190.166025 89.334854 0
1196.106969 89.191608 0
1208.077972 88.905115 0
1214.108327 88.690246 0
1226.259492 88.403753 0
1232.380603 88.260507 0
1238.532270 88.117261 0
1244.714643 87.974015 0
1250.927877 87.830769 0
1257.172126 87.687522 0
1269.754287 87.472653 0
1276.092511 87.401030 0
1282.462374 87.257784 0
1295.297647 87.186161 0
1314.791819 87.186161 0
1321.354857 87.472653 0
1341.241190 87.615899 0
1354.664739 87.687522 0
1361.426810 87.759145 0
1375.052384 87.830769 0
1395.746862 87.974015 0
1409.715921 88.045638 0
1416.752790 88.117261 0
1423.824786 88.117261 0
1430.932083 88.188884 0
1445.253286 87.974015 0
1467.004285 88.045638 0
1474.327120 88.045638 0
1489.082635 88.260507 0
1496.515679 88.260507 0
1503.985826 88.260507 0
1519.038174 88.188884 0
1526.620747 88.117261 0
1557.331432 87.974015 0
1588.659916 87.974015 0
1596.590020 87.974015 0
1604.559708 87.974015 0
1612.569178 87.974015 0
1628.708261 88.045638 0
1661.472617 87.830769 0
1669.766179 87.830769 0
1686.477707 88.045638 0
1694.896087 88.045638 0
1703.356488 87.759145 0
1711.859122 87.687522 0
1728.991929 87.615899 0
1737.622526 87.544276 0
1755.013181 87.472653 0
1763.773669 87.472653 0
1772.577886 87.401030 0
1781.426052 87.329407 0
1799.255105 87.257784 0
1808.236436 87.186161 0
1817.262598 87.472653 0
1835.450314 87.401030 0
1853.820059 87.329407 0
1881.719969 87.329407 0
1891.112939 87.329407 0
1900.552795 87.329407 0
1910.039772 87.329407 0
1919.574105 87.329407 0
1958.189744 87.401030 0
1967.964427 87.472653 0
1977.787902 87.544276 0
2007.553523 87.902392 0
2017.574615 88.045638 0
2027.645729 88.117261 0
2037.767115 88.188884 0
2058.161708 87.974015 0
2078.760416 87.974015 0
2099.565282 87.902392 0
2110.045669 87.687522 0
2131.163647 87.401030 0
2141.801763 87.257784 0
2152.492981 87.114537 0
2163.237566 86.899668 0
2174.035785 86.756422 0
2184.887905 86.541553 0
2195.794196 86.398306 0
2206.754928 86.111814 0
2217.770372 85.968568 0
2228.840802 85.753698 0
2239.966492 85.610452 0
2273.677889 85.682075 0
2285.027393 85.538829 0
2307.896641 85.467206 0
2330.994773 85.538829 0
2366.076141 85.825321 0
2377.886868 85.896945 0
2389.756551 85.968568 0
2425.722282 86.040191 0
2449.999648 86.040191 0
2462.229295 86.040191 0
2511.761406 85.968568 0
2549.563304 85.825321 0
2562.289943 85.825321 0
2600.852294 85.753698 0
2613.834951 85.753698 0
2626.882414 85.753698 0
2639.995006 85.753698 0
2679.726815 85.753698 0
2733.634274 85.753698 0
2747.279738 85.753698 0
2760.993317 85.753698 0
2774.775349 85.753698 0
2788.626177 85.753698 0
2802.546145 85.753698 0
2816.535596 85.753698 0
2830.594878 85.753698 0
2844.724341 85.753698 0
2873.195207 85.538829 0
2887.537317 85.538829 0
2901.951018 85.538829 0
2916.436668 85.825321 0
2930.994626 85.825321 0
2989.956783 86.111814 0
3004.881731 86.255060 0
3019.881180 86.326683 0
3034.955501 86.613176 0
3050.105069 86.756422 0
3065.330258 87.042914 0
3080.631447 87.186161 0
3096.009016 87.615899 0
3111.463344 87.830769 0
3126.994815 88.117261 0
3142.603815 88.403753 0
3158.290730 88.618623 0
3174.055949 88.905115 0
3189.899864 89.048361 0
3205.822866 89.263231 0
3221.825351 89.334854 0
3237.907716 89.478100 0
3254.070359 89.549723 0
3270.313681 89.621346 0
3319.531758 89.764593 0
3336.101843 89.836216 0
3386.310029 89.621346 0
3403.213451 89.621346 0
3420.201249 89.621346 0
3489.004665 89.836216 0
3506.420707 89.478100 0
3523.923685 89.406477 0
3541.514032 89.334854 0
3594.813662 89.119985 0
3630.791650 89.048361 0
3648.915449 88.976738 0
3667.129717 88.905115 0
3685.434904 88.833492 0
3722.319857 88.761869 0
3740.900537 88.690246 0
3778.340607 88.618623 0
3797.200926 88.618623 0
3854.348632 88.547000 0
3873.588359 88.547000 0
3892.924125 88.547000 0
3912.356409 88.761869 0
3931.885693 88.761869 0
3951.512462 88.761869 0
3971.237201 88.761869 0
3991.060400 88.761869 0
4010.982550 88.761869 0
4031.004146 88.761869 0
4051.125683 88.761869 0
4071.347661 88.761869 0
4112.094946 89.048361 0
4132.621264 89.334854 0
4153.250043 89.836216 0
4173.981794 90.122708 0
4194.817032 90.624070 0
4215.756273 91.125432 0
4236.800036 91.483547 0
4257.948843 91.984909 0
4279.203219 92.199778 0
4300.563690 92.629517 0
4322.030786 92.844386 0
4343.605039 93.130879 0
4365.286984 93.345748 0
4387.077159 93.488994 0
4475.330999 93.560617 0
4497.670480 93.775487 0
4520.121473 93.847110 0
4588.149102 93.918733 0
4611.051736 93.847110 0
4634.068693 93.775487 0
4657.200543 93.560617 0
4680.447861 93.417371 0
4703.811222 93.202502 0
4727.291206 92.987632 0
4750.888395 92.844386 0
4774.603374 92.557894 0
4798.436731 92.343024 0
4822.389056 92.056532 0
4846.460944 91.841663 0
4870.652992 91.411924 0
4894.965799 91.197055 0
4919.399968 90.838939 0
4943.956105 90.552447 0
4968.634819 90.337577 0
4993.436721 89.907839 0
5018.362427 89.692969 0
5043.412554 89.263231 0
5068.587724 89.048361 0
5093.888560 88.618623 0
5119.315690 88.403753 0
5144.869745 88.045638 0
5170.551358 87.759145 0
5196.361166 87.544276 0
5222.299808 87.257784 0
5248.367929 87.114537 0
5274.566173 86.899668 0
5327.355635 87.114537 0
5353.948161 87.042914 0
5407.532102 86.971291 0
5488.915222 87.042914 0
5516.314205 87.114537 0
5571.523154 87.257784 0
5627.284652 87.472653 0
5655.374332 87.615899 0
5683.604228 87.687522 0
5711.975038 87.902392 0
5740.487467 88.045638 0
5769.142221 88.332130 0
5797.940011 88.475377 0
5826.881550 88.761869 0
5855.967557 89.048361 0
5885.198752 89.263231 0
5914.575861 89.549723 0
5944.099611 89.621346 0
5973.770734 89.836216 0
6033.558048 89.979462 0
6093.943731 90.051085 0
6185.657316 89.907839 0
6278.751186 89.979462 0
6341.590837 89.907839 0
6373.246115 89.836216 0
6405.059406 88.761869 0
6437.031500 87.974015 0
6566.523809 87.114537 0
6599.301883 85.538829 0
6632.243576 84.607729 0
6665.349703 84.607729 0
6698.621086 84.607729 0
6765.662922 84.607729 0
6799.435038 84.607729 0
6936.217738 82.888774 0
6970.841211 82.817151 0
7075.752064 82.673905 0
7111.072049 83.605005 0
7146.568342 85.109090 0
7182.241821 85.610452 0
7218.093370 86.541553 0
7254.123880 86.899668 0
7290.334243 87.544276 0
7326.725358 87.974015 0
7363.298125 88.260507 0
7400.053453 88.690246 0
7436.992251 88.905115 0
7474.115437 89.191608 0
7511.423931 89.263231 0
7548.918657 89.478100 0
7586.600545 89.549723 0
7624.470530 89.692969 0
7700.778549 89.907839 0
7739.218476 90.051085 0
7777.850282 90.122708 0
7816.674927 90.194331 0
7855.693373 90.265954 0
7894.906587 90.265954 0
8013.724583 90.337577 0
8053.726640 90.337577 0
8093.928375 90.337577 0
8134.330785 90.337577 0
8215.741640 90.552447 0
8256.752105 90.552447 0
8297.967281 90.552447 0
8464.895615 90.409201 0
8549.614864 90.337577 0
8592.291921 90.265954 0
8635.182009 90.194331 0
8721.605536 89.979462 0
8808.894016 89.764593 0
8852.865315 89.621346 0
8897.056105 89.478100 0
8986.100548 89.191608 0
9030.956407 89.048361 0
9076.036174 88.905115 0
9121.340965 88.761869 0
9166.871903 88.618623 0
9212.630119 88.547000 0
9258.616745 88.403753 0
9351.279796 88.117261 0
9397.958519 87.974015 0
9444.870247 87.830769 0
9492.016145 87.687522 0
9539.397380 87.615899 0
9634.870570 87.257784 0
9682.964891 87.042914 0
9731.299284 86.899668 0
9779.874947 86.684799 0
9877.754909 86.326683 0
9927.061634 86.111814 0
9976.614483 85.968568 0
10026.414685 85.753698 0
10076.463474 85.610452 0
10126.762092 85.395583 0
10177.311784 85.180713 0
10228.113806 84.965844 0
10279.169415 84.750975 0
10330.479878 84.607729 0
10382.046468 84.321236 0
10433.870462 84.177990 0
10485.953145 83.963121 0
10590.899753 83.891497 0
10643.766278 83.891497 0
10696.896697 83.891497 0
10750.292327 83.891497 0
10803.954492 83.676628 0
10966.553531 83.748251 0
11187.165212 83.963121 0
11299.129763 84.177990 0
11412.214889 84.464482 0
11469.181168 84.679352 0
11526.431805 84.894221 0
11583.968220 85.109090 0
11641.791839 85.323960 0
11875.987137 85.467206 0
11935.268425 85.395583 0
11994.845627 85.323960 0
12114.893689 85.180713 0
12236.143228 85.037467 0
12297.222305 84.965844 0
12420.296645 84.894221 0
12607.221562 84.822598 0
12670.152948 85.037467 0
12733.398469 85.037467 0
12796.959691 85.037467 0
12860.838192 84.750975 0
12925.035555 84.750975 0
13054.393240 84.965844 0
13250.861283 84.822598 0
13317.005522 84.679352 0
13383.479932 84.607729 0
13450.286162 84.321236 0
13517.425868 84.106367 0
13584.900715 83.605005 0
13652.712376 83.246890 0
13720.862532 82.888774 0
13789.352872 82.244166 0
13858.185095 81.886050 0
14066.750171 80.381965 0
14136.967076 80.095473 0
14207.534483 79.665734 0
14278.454141 79.379242 0
14349.727808 79.164372 0
14421.357251 78.877880 0
14493.344246 78.734634 0
14565.690579 78.448141 0
14638.398042 78.304895 0
14711.468439 78.018402 0
14784.903580 77.803533 0
14858.705288 77.588664 0
14932.875391 77.230548 0
15007.415728 77.015679 0
15082.328148 76.585940 0
15157.614507 76.299448 0
15233.276673 75.511594 0
15309.316522 75.153478 0
15462.536816 73.649393 0
15617.290586 72.145307 0
15695.247314 71.715569 0
15931.460094 70.712845 0
16010.985060 70.784468 0
16251.949680 70.569599 0
16333.074432 71.070961 0
16414.604134 71.500699 0
16578.886483 72.646669 0
16912.400199 72.718292 0
17166.931077 73.362900 0
17252.623135 71.930438 0
17338.742942 71.070961 0
17425.292633 69.352006 0
17512.274353 68.349283 0
17599.690260 66.988444 0
17775.833311 65.555981 0
17864.564822 65.484358 0
18043.358819 65.555981 0
18314.910574 65.555981 0
18406.332994 65.699228 0
18498.211767 65.985720 0
18590.549171 66.128966 0
18683.347495 66.272212 0
