4.39453	69.98	8.4
4.9182	70.76	-21.1
4.98973	70.85	-25.2
5.06231	70.94	-29.3
5.13594	71.03	-33.6
5.21065	71.11	-37.9
5.28644	71.19	-42.3
5.36333	71.26	-46.8
5.44134	71.32	-51.5
5.52049	71.38	-56.2
5.60078	71.42	-61
5.68225	71.46	-66
5.7649	71.48	-71.1
5.84875	71.49	-76.3
5.93382	71.47	-82
6.02013	71.39	-88.4
6.1077	71.26	-95.4
6.19654	71.08	-103
6.28667	70.86	-111
6.37811	70.59	-119.3
6.47088	70.28	-127.8
6.565	69.93	-136.2
6.66049	69.55	-144.4
6.75737	69.14	-152.1
6.85566	68.71	-159.3
6.95538	68.27	-165.5
7.05655	67.82	-170.7
7.15919	67.36	-174.5
7.26332	66.91	-176.6
7.36897	66.47	-176.5
7.47615	65.92	-171
7.58489	65.28	-160.3
7.69522	64.55	-145.2
7.80715	63.76	-126.4
7.92071	62.94	-104.9
8.03592	62.11	-81.7
8.1528	61.3	-58
8.27139	60.54	-35
8.3917	59.87	-14
8.51376	59.32	3.6
8.63759	58.94	16.1
8.76323	58.77	21.8
8.89069	58.82	20
9.02001	59.03	12.4
9.15121	59.37	0
9.28432	59.83	-16.1
9.41936	60.35	-34.9
9.55637	60.91	-54.9
9.69537	61.47	-74.9
9.83639	61.98	-93.3
9.97946	62.4	-108.4
10.12462	62.68	-118.4
10.27188	62.77	-121.5
10.42129	62.74	-112.5
10.57287	62.67	-90.9
10.72666	62.56	-59.6
10.88268	62.42	-21.5
11.04098	62.24	19.9
11.20157	62.04	61
11.3645	61.82	97.9
11.5298	61.58	126.2
11.69751	61.34	141.1
11.86765	61.02	145.4
12.04027	60.55	149.2
12.2154	59.96	152.5
12.39308	59.32	155.5
12.57334	58.67	157.9
12.75622	58.1	159.7
12.94176	57.66	161
13.13001	57.44	161.6
13.32099	57.7	160.7
13.51474	58.86	156.4
13.71132	60.71	149.4
13.91076	62.99	140.1
14.11309	65.38	129.2
14.31837	67.58	117.6
14.52664	69.23	106
14.73793	70.06	95
14.9523	70.68	83.2
15.16979	71.25	70.4
15.39044	71.74	56.6
15.6143	72.14	42.1
15.84141	72.41	27.2
16.07183	72.53	11.9
16.3056	72.43	-5.2
16.54277	72.07	-26.2
16.78339	71.51	-48.7
17.02751	70.81	-69.5
17.27518	70.05	-85.6
17.52646	69.29	-93.4
17.78138	68.45	-82.5
18.04002	67.33	-43.2
18.30242	66.11	11.7
18.56863	64.99	67.7
18.83872	64.22	109.3
19.11274	64.01	120
19.39074	64	107.7
19.67278	64	83.8
19.95893	63.99	54.9
20.24924	63.99	27.9
20.54377	63.97	10.5
20.84259	63.63	-0.2
21.14575	62.88	-9.1
21.45332	61.96	-16.9
21.76537	61.08	-23.9
22.08195	60.48	-30.8
22.40314	60.04	-38.3
22.729	59.66	-45.5
23.0596	59.28	-51.4
23.39501	58.85	-54.6
23.7353	58.29	-55.5
24.08054	57.61	-55.9
24.4308	56.94	-56.3
24.78615	56.41	-57
25.14667	56.12	-61.2
25.51244	55.95	-75.2
25.88353	55.8	-91.8
26.26001	55.55	-102.4
26.64197	54.54	-91
27.02949	51.89	-47.1
27.42264	49.04	2.6
27.82151	47.63	27.5
28.22619	49.2	15.2
28.63675	52.69	-13.8
29.05328	55.79	-44.3
29.47587	56.2	-62.1
29.9046	54.28	-75.1
30.33958	51.82	-85.3
30.78088	50.66	-91.5
31.22859	50.74	-94.2
31.68282	50.88	-96
32.14366	50.98	-98.5
32.6112	49.82	-103.7
33.08554	46.7	-112.3
33.56678	44.31	-122.3
34.05502	44.64	-134
34.55036	46.23	-148.6
35.05291	47.9	-157.8
35.56277	49.05	-110.1
36.08004	50.11	18.1
36.60484	50.61	96.6
37.13727	50.19	86.2
37.67744	49.42	64.7
38.22547	49.26	50.3
38.78147	51.27	43.1
39.34556	53.49	37
39.91786	53.59	29.1
40.49848	53.07	20.1
41.08754	52.83	12.7
41.68517	54.62	8.1
42.2915	56.79	3.4
42.90664	56.2	-7.4
43.53073	53.91	-24.4
44.1639	53.49	-28
44.80628	56.69	-14.4
45.458	59.69	-5.7
46.1192	61.23	-29.3
46.79002	62.07	-65.4
47.4706	59.78	-90.4
48.16108	55.91	-110.2
48.86159	55.52	-119.1
49.5723	55.46	-124.2
50.29335	54.96	-56.6
51.02488	53.75	117.7
51.76706	52.78	112.1
52.52003	52.01	41.3
53.28395	52.22	16.8
54.05898	52.89	3.1
54.84529	53.34	-21.9
55.64303	53.59	-41.5
56.45238	52.45	-29.2
57.27349	51.69	-20.1
58.10656	55.34	-41
58.95174	56.05	-60.5
59.80921	52.89	-73.8
60.67915	53.48	-78.6
61.56175	54.9	-82.3
62.45719	51.8	-105.4
63.36565	50.45	-111.2
64.28732	50.44	-96.9
65.2224	48.12	-109.7
66.17109	46.34	-118.9
67.13357	48.53	-94.8
68.11005	48.07	-104.2
69.10073	47.59	-122.8
70.10582	49.65	-130.9
71.12554	48.89	36.2
72.16008	44.15	101.1
73.20967	32.65	-170.3
74.27453	43.5	52.7
75.35488	47.22	84.3
76.45094	47.98	34.7
77.56295	49.67	25
78.69113	51.88	-10.4
79.83571	50.75	-28.6
80.99695	49.74	-39.4
82.17508	51.37	-51.8
83.37034	48.28	-61.1
84.58299	50.41	-65.5
85.81328	48.89	-81.2
87.06146	48.06	-87.3
88.3278	47.69	-89.7
89.61256	44.56	-102.3
90.916	46.43	-85.1
92.23841	44.77	-102.4
93.58005	46.9	-112
94.9412	43.69	-173
96.32215	31.01	-176.8
97.72319	39.68	23.1
99.14461	47.02	20
100.5867	47.92	-4.3
102.04976	51.02	-25.9
103.53411	51.03	-49.8
105.04005	52.02	-64.3
106.56789	50.78	-83.5
108.11796	51.16	-88.4
109.69057	49.63	-99.8
111.28606	51.72	-99.1
112.90475	51.68	-119.6
114.54699	53.53	-138.9
116.21311	51.06	-86.7
117.90347	45.86	156.7
119.61842	32.76	145.9
121.35831	32.66	151.9
123.1235	37.24	-88.2
124.91438	37.02	-142.5
126.7313	39.16	-125.7
128.57465	38.18	-116.8
130.44481	38.48	-157.1
132.34217	38.41	-127.6
134.26713	39.1	-133.2
136.22009	41.48	-173.8
138.20146	38.86	-65.1
140.21165	34.44	161.4
142.25107	39.88	138.5
144.32016	35.78	113.6
146.41935	35.07	53.5
148.54906	38.35	61.9
150.70976	34.51	43
152.90188	37.5	1.7
155.12589	40.12	-20.4
157.38225	36.26	-25.9
159.67143	34.35	-40.1
161.9939	37.64	-50.6
164.35016	41.89	-51.1
166.74069	41.51	-69.6
169.16599	39.7	-89.7
171.62656	38.37	-106.7
174.12293	40.07	-117.6
176.6556	39.52	-121.8
179.22512	39.27	-120.6
181.83201	35.79	-127
184.47682	31.8	-121.2
187.16009	31.06	-94
189.8824	32.79	-103.2
192.6443	34.05	-112.1
195.44638	34.74	-120.8
198.28921	35.31	-124.3
201.1734	35.79	-127.6
204.09953	36.77	-126.4
207.06823	37.04	-126.2
210.0801	38.7	-120.9
213.13579	40.68	-126.7
216.23592	41.66	-135.4
219.38114	42.01	-144.9
222.57212	43.25	-153.9
225.8095	44.84	-170.8
229.09398	47.27	168.6
232.42622	46.53	130.5
235.80694	43.81	119.8
239.23683	41.71	110.5
242.71661	39	89.9
246.24701	36.6	78.1
249.82875	34.61	103.4
253.4626	33.78	134.8
257.14929	35.3	125.5
260.88962	35.22	99.2
264.68434	35.84	117.7
268.53427	35.58	112
272.44019	34.86	79
276.40292	31.51	115.4
280.42329	32.27	131.1
284.50214	34.06	106.9
288.64032	35.58	120.4
292.83869	35.56	74.5
297.09813	30.57	89.4
301.41952	28.49	57.4
305.80377	25.87	136.8
310.25179	21.54	114.1
314.7645	32.99	177.1
319.34286	32.75	131.5
323.98781	34.83	140.6
328.70032	33.97	109.1
333.48138	32.3	103.5
338.33197	29.58	131
343.25313	28.82	103.7
348.24586	25.83	118
353.31121	31.33	170.9
358.45024	33.02	160.7
363.66402	31.98	135.1
368.95363	32.29	136.2
374.32019	33	150.7
379.7648	35.22	165.7
385.28861	36.84	156.8
390.89276	36.52	147.4
396.57842	36.45	139.1
402.34679	36.04	131.5
408.19906	35.61	128.9
414.13645	35.33	130.1
420.1602	35.78	125.5
426.27158	33.56	112.7
432.47184	31.84	126.7
438.76229	35.27	125.3
445.14423	36.57	106.7
451.619	34.4	104.6
458.18795	32.54	120.3
464.85245	33.17	116.3
471.61388	34.39	106.1
478.47367	32.5	120.2
485.43323	33.7	123.4
492.49401	36.68	114.4
499.6575	36.58	109.8
506.92519	38.38	91.3
514.29859	36.47	81.3
521.77923	38.17	70.8
529.36869	36.43	51.5
537.06853	34.64	40
544.88037	34.54	49.6
552.80584	32.42	26.6
560.84659	29.85	27.3
569.00429	33.52	46.4
577.28065	35.09	35.3
585.67739	34.67	11.1
594.19626	31.41	-26.8
602.83904	24.92	2.5
611.60754	30.07	24.3
620.50358	31.55	15.8
629.52901	32.25	13.3
638.68572	33.91	4.4
647.97562	34.68	-13
657.40064	35.29	-26.4
666.96275	34.46	-29.3
676.66395	32.59	-29.8
686.50625	34.47	-25.6
696.49171	35.13	-27.7
706.62242	35.75	-31.3
716.90048	37.77	-37.4
727.32804	37.97	-50.5
737.90727	37.89	-61.9
748.64037	38.6	-73.3
759.5296	38.31	-89.6
770.57721	37.12	-102.2
781.78552	36.21	-108.4
793.15685	35.41	-114.1
804.69358	34.33	-118.4
816.39812	34.93	-123
828.2729	34.19	-133
840.32041	34.51	-141.8
852.54315	34.14	-149.6
864.94368	34.57	-161.3
877.52457	34.55	-173.3
890.28846	33.42	169
903.238	32.89	175.7
916.3759	33.58	174.3
929.7049	34.95	169.7
943.22777	35.95	161.1
956.94733	36.21	156.9
970.86645	37.11	154.6
984.98803	37.9	151.5
999.31501	38.85	150.6
1013.8504	40.28	146
1028.5972	41.2	143.4
1043.5585	42.29	136.1
1058.7374	43.14	132.5
1074.1371	44.08	125.2
1089.7607	44.78	118
1105.6117	45.24	109.3
1121.6932	45.41	100.5
1138.0086	45.16	93
1154.5613	45.12	85.5
1171.3548	44.55	80
1188.3925	44.63	74.7
1205.6781	44.59	68.4
1223.2151	44.66	60.5
1241.0072	44.99	53.6
1259.058	45.41	43.2
1277.3714	45.98	34.6
1295.9512	47.06	24.1
1314.8013	48.44	11.6
1333.9255	49.73	-2.5
1353.3279	50.92	-16.1
1373.0125	52.21	-27.4
1392.9834	53.8	-40.1
1413.2448	55.28	-53
1433.801	56.77	-67.5
1454.6561	58.1	-82.3
1475.8145	59.32	-98.2
1497.2807	60.41	-114.2
1519.0592	61.47	-131.6
1541.1544	62.47	-149.9
1563.571	63.37	-168.9
1586.3137	64.35	171.9
1609.3872	65.38	152.5
1632.7962	66.48	132.9
1656.5458	67.66	113.9
1680.6408	68.88	94.9
1705.0863	70.1	76.4
1729.8874	71.26	58.8
1755.0491	72.44	42.1
1780.5769	73.63	25.9
1806.476	74.86	10.7
1832.7518	76.24	-3
1859.4098	77.95	-16.1
1886.4555	80.3	-28.9
1913.8947	83.32	-48.6
1941.7329	85.29	-76.8
1969.9761	85.86	-100.4
1998.63	86.74	-117.7
2027.7008	87.91	-136.3
2057.1943	88.75	-156
2087.1169	89.16	-174.5
2117.4747	89.4	170.3
2148.2741	89.83	156.5
2179.5215	90.33	142.2
2211.2234	90.5	127.2
2243.3863	90.37	114.2
2276.0171	90.24	103.9
2309.1226	90.41	93.9
2342.7095	90.43	83.6
2376.785	90.49	73.8
2411.3562	90.37	63.4
2446.4302	89.97	55.3
2482.0143	89.88	49.3
2518.116	89.87	42.7
2554.7429	89.87	37.6
2591.9025	90.22	32.2
2629.6026	90.5	25.8
2667.851	90.83	19.1
2706.6558	91.04	11.7
2746.025	91.07	5.4
2785.9669	91.19	0.2
2826.4897	91.49	-5.2
2867.6019	91.69	-11.2
2909.3121	91.88	-16.9
2951.6291	92	-22.1
2994.5615	92.3	-27
3038.1184	92.51	-33
3082.3088	92.66	-38.3
3127.1421	92.93	-43.5
3172.6274	93.19	-49.8
3218.7743	93.24	-56.4
3265.5925	93.24	-61.9
3313.0916	93.34	-67.3
3361.2816	93.29	-73.6
3410.1726	93.14	-78.3
3459.7747	93.14	-82.5
3510.0983	93.11	-87.4
3561.1538	92.98	-91.5
3612.952	93	-95
3665.5036	93	-99.4
3718.8196	92.86	-102.9
3772.9111	92.82	-106
3827.7893	92.74	-109.1
3883.4658	92.79	-111.2
3939.9521	92.87	-114.3
3997.26	92.93	-117.4
4055.4015	93	-120
4114.3887	93.2	-122.9
4174.2339	93.36	-126.8
4234.9495	93.45	-130.6
4296.5482	93.49	-134.3
4359.043	93.52	-138.1
4422.4467	93.58	-141.9
4486.7727	93.52	-146
4552.0343	93.38	-149.4
4618.2452	93.28	-152.9
4685.4191	93.04	-155.8
4753.5701	92.82	-158
4822.7123	92.66	-159.7
4892.8603	92.53	-160.8
4964.0286	92.57	-161.9
5036.2321	92.68	-163.3
5109.4857	92.89	-165.5
5183.8049	92.99	-168.4
5259.2051	93.05	-171.9
5335.702	92.96	-175.1
5413.3116	92.83	-177.9
5492.05	92.62	-180
5571.9337	92.48	178.7
5652.9794	92.45	177.5
5735.2038	92.48	175.6
5818.6243	92.43	173.3
5903.2581	92.33	170.8
5989.123	92.15	168.5
6076.2368	91.89	166.4
6164.6177	91.57	165.2
6254.2841	91.26	164.7
6345.2548	90.94	164.6
6437.5486	90.64	166
6531.1849	90.56	168.2
6626.1832	90.65	170.3
6722.5633	90.9	171.8
6820.3452	91.21	172.6
6919.5494	91.56	173
7020.1966	92	173
7122.3077	92.54	172.3
7225.904	93.12	169.7
7331.0072	93.5	165.6
7437.6392	93.58	160.6
7545.8221	93.28	156.3
7655.5786	92.75	154.1
7766.9316	92.24	154.6
7879.9042	91.94	156.9
7994.5201	91.95	160.2
8110.803	92.39	163.4
8228.7774	93.12	164.5
8348.4677	93.91	163.1
8469.899	94.53	159.5
8593.0965	94.87	154.5
8718.086	94.86	149.1
8844.8934	94.42	144.3
8973.5454	93.63	142.6
9104.0686	92.97	145.7
9236.4903	93.07	151.6
9370.8382	93.98	154.7
9507.1402	94.93	152.8
9645.4247	95.53	147.8
9785.7206	95.63	141.9
9928.0572	95.31	137.2
10072.464	94.8	134.8
10218.971	94.41	135.1
10367.61	94.35	136.2
10518.41	94.44	135.9
10671.404	94.37	134.8
10826.623	94.18	135
10984.1	94.26	136.2
11143.867	94.62	136
11305.959	94.83	133.7
11470.408	94.81	131.6
11637.249	94.75	129.6
11806.516	94.46	127.6
11978.246	93.93	127.5
12152.474	93.62	130.5
12329.235	93.88	134
12508.568	94.52	134.6
12690.51	95.05	130.9
12875.097	94.93	125.2
13062.37	94.08	121.9
13252.366	93.06	124.8
13445.127	92.82	132.2
13640.69	93.61	137.7
13839.099	94.68	136.5
14040.393	95.15	131.1
14244.615	94.9	126
14451.808	94.1	123.3
14662.014	93.07	127.2
14875.278	93.33	135.2
15091.644	94.29	136.1
15311.157	94.79	133.1
15533.863	94.78	129.5
15759.808	94.36	127.5
15989.04	93.97	129.3
16221.606	94.03	132.7
16457.555	94.69	134
16696.935	95.05	129.5
16939.798	94.77	125.9
17186.193	94.31	124
17436.172	93.5	125.1
17689.787	93.31	130.8
17947.091	93.96	134.5
18208.137	94.99	132.5
18472.981	95.21	123.8
18741.676	93.93	117.6
19014.28	92.48	123.4
19290.849	93.17	132
19571.441	94.08	130
19856.114	94.18	122.1
20144.928	92.78	117.8
20437.943	91.64	126
20735.22	92.66	133.9
21036.82	93.77	125.9
21342.808	92.7	115.8
21653.246	90.41	118.1
21968.2	90.41	133.9
22287.735	91.88	132.4
22611.917	91.34	122.2
22940.815	88.95	122.7
23274.497	88.19	139.6
23613.033	89.57	144.7
23956.492	89.42	140.6
24304.947	88.05	143.6
24658.471	88	159.9
25017.137	89.82	164.1
25381.019	90.5	156.4
25750.195	88.94	156.5
26124.74	89.22	169.4
26504.733	90.84	167.8
26890.253	90.52	159.9
27281.381	89.31	165.8
27678.198	90.3	170.7
28080.786	90.48	163.6
28489.231	89.19	164.9
28903.616	89.04	172.2
29324.029	89.68	169.9
29750.557	88.27	168.8
30183.289	87.78	176.6
30622.315	88.52	-178.2
31067.726	87.74	91.4
31519.617	87.15	-167.4
31978.08	88.28	-163.1
32443.212	88.31	-165.2
32915.11	87.8	-156
33393.871	89.07	-156.1
33879.596	87.97	-156.3
34372.386	88.41	-145.4
34872.344	89.46	-149.4
35379.574	88.36	-146.3
35894.182	88.9	-137
36416.274	89.53	-139.5
36945.961	88.71	-130.5
37483.353	91.14	-126.7
38028.561	90.56	-132.9
38581.699	91.92	-126.9
39142.882	91.94	-137.4
39959.473	91.54	-138.7
