4.39453	71.59	52.1
4.9182	71.49	43.6
4.98973	71.47	42.4
5.06231	71.45	41.2
5.13594	71.44	40
5.21065	71.41	38.8
5.28644	71.39	37.5
5.36333	71.37	36.2
5.44134	71.34	34.9
5.52049	71.31	33.6
5.60078	71.28	32.2
5.68225	71.25	30.8
5.7649	71.21	29.4
5.84875	71.17	27.9
5.93382	71.1	26.3
6.02013	70.99	24.7
6.1077	70.83	22.9
6.19654	70.63	21
6.28667	70.4	19
6.37811	70.13	17
6.47088	69.85	14.9
6.565	69.55	12.8
6.66049	69.24	10.8
6.75737	68.93	8.8
6.85566	68.63	6.9
6.95538	68.35	5.1
7.05655	68.1	3.5
7.15919	67.9	2.1
7.26332	67.75	0.9
7.36897	67.66	0.1
7.47615	67.6	-0.8
7.58489	67.54	-1.5
7.69522	67.5	-2.3
7.80715	67.46	-3.1
7.92071	67.43	-3.8
8.03592	67.4	-4.4
8.1528	67.37	-5
8.27139	67.34	-5.6
8.3917	67.3	-6
8.51376	67.25	-6.4
8.63759	67.18	-6.6
8.76323	67.1	-6.7
8.89069	66.89	-6.6
9.02001	66.35	-6.3
9.15121	65.53	-5.8
9.28432	64.5	-5.1
9.41936	63.32	-4.2
9.55637	62.08	-3.2
9.69537	60.85	-2
9.83639	59.73	-0.8
9.97946	58.8	0.6
10.12462	58.19	1.9
10.27188	58	3.3
10.42129	58.37	5
10.57287	59.25	7.3
10.72666	60.53	10
10.88268	62.09	13
11.04098	63.77	15.9
11.20157	65.44	18.7
11.3645	66.93	21
11.5298	68.06	22.7
11.69751	68.63	23.4
11.86765	68.75	23.2
12.04027	68.83	22.7
12.2154	68.89	21.8
12.39308	68.93	20.6
12.57334	68.97	19.2
12.75622	69.02	17.5
12.94176	69.09	15.8
13.13001	69.19	13.9
13.32099	69.48	12
13.51474	70.24	9.7
13.71132	71.36	7
13.91076	72.7	3.9
14.11309	74.07	0.3
14.31837	75.29	-3.8
14.52664	76.17	-8.3
14.73793	76.55	-13.6
14.9523	76.81	-21
15.16979	77.04	-30.4
15.39044	77.23	-41
15.6143	77.38	-52.3
15.84141	77.48	-63.4
16.07183	77.53	-73.6
16.3056	77.32	-83.2
16.54277	76.56	-94
16.78339	75.43	-104.9
17.02751	74.09	-114.8
17.27518	72.75	-122.3
17.52646	71.63	-126.2
17.78138	70.81	-126.7
18.04002	70.09	-126.9
18.30242	69.41	-127.1
18.56863	68.74	-127.2
18.83872	68.02	-127.5
19.11274	67.21	-128.2
19.39074	66.34	-134.8
19.67278	65.43	-146.5
19.95893	64.45	-159.8
20.24924	63.36	-170.4
20.54377	62.15	-174.2
20.84259	60.69	-171.2
21.14575	58.99	-163.9
21.45332	57.17	-152.9
21.76537	55.36	-139
22.08195	53.65	-120.2
22.40314	51.66	-71.1
22.729	49.62	-2.7
23.0596	47.96	60.9
23.39501	47.17	93.5
23.7353	48.53	80.5
24.08054	52.38	41.3
24.4308	56.81	-7.1
24.78615	59.7	-46.2
25.14667	59.63	-65
25.51244	58.4	-80.7
25.88353	56.89	-92.8
26.26001	55.91	-99
26.64197	55.88	-98
27.02949	55.98	-93
27.42264	56.09	-87.3
27.82151	56.15	-84.4
28.22619	55.9	-84.6
28.63675	55.34	-85.2
29.05328	54.84	-86.3
29.47587	54.88	-88.6
29.9046	55.98	-98.4
30.33958	57.39	-110.3
30.78088	58.05	-115.7
31.22859	54.87	-51.6
31.68282	48.89	68.6
32.14366	44.87	149.4
32.6112	46.31	118.4
33.08554	50.48	23.6
33.56678	53.68	-64.5
34.05502	51.56	-103.1
34.55036	44.48	-132.5
35.05291	39.13	-147.5
35.56277	41.49	-131.5
36.08004	48.36	-87.4
36.60484	52.56	-60.3
37.13727	51.14	-66.3
37.67744	48.5	-79.1
38.22547	47.62	-89.1
38.78147	48.96	-97.2
39.34556	50.46	-102.8
39.91786	49.72	-71.6
40.49848	46.54	41
41.08754	44.92	98.2
41.68517	46.4	59.8
42.2915	49.03	13.5
42.90664	51.78	9.7
43.53073	54.97	10.4
44.1639	57.14	8.2
44.80628	58.72	-15.9
45.458	59.37	-35.2
46.1192	59.31	-38.9
46.79002	59.24	-42.5
47.4706	60.13	-55.5
48.16108	61.6	-75.4
48.86159	60.19	-89.9
49.5723	56.83	-101
50.29335	57.22	-103
51.02488	59.12	-103.6
51.76706	58.24	-118.8
52.52003	55.04	-154.2
53.28395	53.47	-136.7
54.05898	52.6	-94.3
54.84529	53.44	-109.6
55.64303	54.68	-141.7
56.45238	52.94	-159
57.27349	48.86	-157.3
58.10656	38.85	64.4
58.95174	37.91	106.1
59.80921	49.07	-92.5
60.67915	50.1	-10.5
61.56175	49.73	151
62.45719	44.43	65.8
63.36565	36.14	8.7
64.28732	27.18	-7.8
65.2224	33.24	-88.8
66.17109	43.89	-123.8
67.13357	51.15	80.1
68.11005	53.18	72.1
69.10073	54.41	31
70.10582	56.01	16.4
71.12554	56.44	-18.3
72.16008	55.44	-33.8
73.20967	50.15	-31.3
74.27453	53.1	-32.6
75.35488	53.57	-27.3
76.45094	53.62	-20.5
77.56295	58.34	-37.7
78.69113	58.07	-56
79.83571	58.39	-72.6
80.99695	58.09	-90.1
82.17508	55.52	-104.3
83.37034	55.74	-100.3
84.58299	53.92	-118.2
85.81328	53.76	-116
87.06146	53.58	-123.8
88.3278	52.39	-139.9
89.61256	51.24	-139
90.916	50.38	-171.8
92.23841	45.01	-173.8
93.58005	43.3	121.3
94.9412	38.23	-26.1
96.32215	31.05	25.1
97.72319	42.5	-25.5
99.14461	39.85	-63.1
100.5867	44	-55
102.04976	44.44	-49.2
103.53411	48.83	-56.9
105.04005	48.56	-83.7
106.56789	50.2	-90.9
108.11796	48.53	-126.6
109.69057	46.1	-124.3
111.28606	38.22	177.4
112.90475	44.01	-54.2
114.54699	44.22	-76.7
116.21311	47.93	-93.5
117.90347	46.4	-105.8
119.61842	45.82	-121.4
121.35831	45.93	-100.4
123.1235	45	-128.5
124.91438	47.07	-113.3
126.7313	46.5	-135.4
128.57465	47.34	-162.5
130.44481	41.92	-160.7
132.34217	41.81	82.1
134.26713	41.28	78.1
136.22009	32.27	-177.6
138.20146	34.55	82.5
140.21165	35.23	101.8
142.25107	28.21	31.5
144.32016	33.77	43.3
146.41935	33.52	131.2
148.54906	33.44	36.8
150.70976	36.67	10.9
152.90188	35.88	39.5
155.12589	34.13	15.3
157.38225	39.39	-20.4
159.67143	43.2	-31.9
161.9939	41.38	-52.2
164.35016	38.45	-86.3
166.74069	37.55	-103.4
169.16599	37.22	-95
171.62656	37.56	-67.8
174.12293	37.9	-59.5
176.6556	36.18	-83.6
179.22512	34.01	-108.9
181.83201	34.92	-123.8
184.47682	35.64	-147.4
187.16009	34.55	-164.9
189.8824	29.44	108.8
192.6443	30.41	58.3
195.44638	33.85	22.1
198.28921	37.44	-5.5
201.1734	38.63	-31.7
204.09953	37.41	-46.6
207.06823	35.85	-44.5
210.0801	35.32	-45.2
213.13579	35.06	-50.5
216.23592	34.87	-58.3
219.38114	34.69	-79.6
222.57212	31.78	-88.7
225.8095	32.43	-72.1
229.09398	34.69	-69.1
232.42622	36.5	-44.6
235.80694	39.39	-34.7
239.23683	39.71	-54
242.71661	38.3	-83
246.24701	38.53	-94.6
249.82875	38.23	-79
253.4626	39.61	-75.2
257.14929	39.07	-110.3
260.88962	38.67	-126.6
264.68434	37.05	-112.9
268.53427	36.04	-137.7
272.44019	36.62	-166.4
276.40292	21.1	-5.8
280.42329	29.92	-52.9
284.50214	34.78	-111.1
288.64032	32.02	-87.7
292.83869	36.96	-134.4
297.09813	33.07	-129.1
301.41952	36.51	-154.9
305.80377	29.98	-175
310.25179	34.49	-131.6
314.7645	28.36	153.2
319.34286	34.38	-176
323.98781	28.64	153.4
328.70032	32.54	146.6
333.48138	27.73	146
338.33197	22.32	51.6
343.25313	27.96	-150.2
348.24586	32.65	-162.6
353.31121	30.94	126.8
358.45024	31.62	145.4
363.66402	33.84	165.5
368.95363	33.24	160
374.32019	32.48	143.7
379.7648	34.12	119.1
385.28861	34.23	106.4
390.89276	33.95	101.5
396.57842	34.03	100.1
402.34679	33.66	98.9
408.19906	33.35	89.1
414.13645	33.5	88.7
420.1602	34.42	76.3
426.27158	34.51	70.4
432.47184	32.26	69.4
438.76229	29.55	58.8
445.14423	25.93	59.8
451.619	28.48	61.7
458.18795	34.86	57.1
464.85245	34.27	32.6
471.61388	30.06	-16
478.47367	29.3	15.1
485.43323	27.11	11
492.49401	24.28	-26.5
499.6575	27.51	58.6
506.92519	23.03	2.1
514.29859	29.55	60
521.77923	28.28	15.4
529.36869	30.28	24.2
537.06853	28.36	27
544.88037	28.99	-4.6
552.80584	29.49	16.9
560.84659	28.34	39.1
569.00429	32	13.7
577.28065	33.78	-18.8
585.67739	32.97	-26.8
594.19626	31.78	-33.3
602.83904	28.28	-56
611.60754	18.48	-102.1
620.50358	23.73	28.7
629.52901	28.04	6.9
638.68572	29.78	5.7
647.97562	30.92	3.8
657.40064	26.7	25.6
666.96275	31.08	25.3
676.66395	35.35	-0.6
686.50625	33.73	-12.6
696.49171	34.29	-23.6
706.62242	33.1	-37.6
716.90048	31.74	-43.5
727.32804	31.2	-45.6
737.90727	31.45	-43.1
748.64037	29.27	-29.2
759.5296	31.75	-30.3
770.57721	31.6	-46.1
781.78552	30.22	-58
793.15685	28.12	-76.6
804.69358	25.1	-102.4
816.39812	22.15	-155.3
828.2729	21.36	154.5
840.32041	21.89	141.9
852.54315	26.22	126.1
864.94368	26.81	107.6
877.52457	23.94	113.2
890.28846	27.72	142.3
903.238	29.51	138.4
916.3759	32.77	146.4
929.7049	34.72	136.5
943.22777	35.07	124.7
956.94733	34.78	126.7
970.86645	34.96	136.3
984.98803	36.8	140.3
999.31501	38.07	142.2
1013.8504	39.74	141.5
1028.5972	40.86	139.5
1043.5585	42.34	135
1058.7374	43.23	129.7
1074.1371	43.9	122.4
1089.7607	44.45	116.7
1105.6117	44.58	110.5
1121.6932	44.97	104.6
1138.0086	45.15	97.5
1154.5613	45.1	91
1171.3548	45.27	83
1188.3925	45.25	74
1205.6781	45.15	65.4
1223.2151	45.44	56.2
1241.0072	45.86	45.4
1259.058	46.3	33.1
1277.3714	46.9	22.1
1295.9512	48.05	11
1314.8013	49.22	-0.3
1333.9255	50.63	-12.2
1353.3279	52.04	-23.4
1373.0125	53.64	-34.7
1392.9834	55.12	-47.8
1413.2448	56.48	-60.5
1433.801	57.72	-74.5
1454.6561	58.8	-88.6
1475.8145	59.84	-103.7
1497.2807	60.79	-119.8
1519.0592	61.74	-136.7
1541.1544	62.65	-155
1563.571	63.56	-173.9
1586.3137	64.57	166.7
1609.3872	65.69	146.9
1632.7962	66.78	127.1
1656.5458	67.98	107.8
1680.6408	69.22	89.2
1705.0863	70.45	70.8
1729.8874	71.62	53.3
1755.0491	72.83	36.5
1780.5769	74.02	20.3
1806.476	75.23	4.9
1832.7518	76.57	-9.7
1859.4098	78.09	-23.2
1886.4555	80.26	-36.1
1913.8947	82.92	-54.3
1941.7329	85.28	-78.2
1969.9761	86.69	-104.2
1998.63	87.39	-126.9
2027.7008	88.03	-145.2
2057.1943	88.96	-163.3
2087.1169	89.51	178.1
2117.4747	89.83	161.9
2148.2741	90.3	146.9
2179.5215	90.61	132
2211.2234	90.85	118.3
2243.3863	91.04	104.6
2276.0171	91.06	91.8
2309.1226	91.05	79.8
2342.7095	91.02	68.5
2376.785	90.89	56.8
2411.3562	90.6	46.2
2446.4302	90.17	36.6
2482.0143	89.76	29.1
2518.116	89.65	22.6
2554.7429	89.52	15
2591.9025	89.25	7.8
2629.6026	88.98	2.6
2667.851	88.93	-1.9
2706.6558	88.96	-6.9
2746.025	89	-11
2785.9669	89.26	-15.1
2826.4897	89.61	-19.8
2867.6019	89.91	-26
2909.3121	90.02	-31.3
2951.6291	90.28	-36.1
2994.5615	90.63	-41.5
3038.1184	90.98	-48.3
3082.3088	91.02	-55.6
3127.1421	91.06	-61.9
3172.6274	90.99	-69
3218.7743	90.77	-75.6
3265.5925	90.35	-80.8
3313.0916	90.07	-84.5
3361.2816	89.84	-88.1
3410.1726	89.74	-91
3459.7747	89.72	-94
3510.0983	89.74	-98.2
3561.1538	89.57	-102.3
3612.952	89.42	-105.1
3665.5036	89.31	-108.3
3718.8196	89.06	-111.4
3772.9111	88.74	-112.7
3827.7893	88.71	-113
3883.4658	88.7	-113.9
3939.9521	88.81	-113.7
3997.26	89.21	-114.2
4055.4015	89.61	-116
4114.3887	90.22	-118.5
4174.2339	90.67	-123.2
4234.9495	90.92	-128.1
4296.5482	91.13	-133
4359.043	91.11	-138.1
4422.4467	91.08	-142
4486.7727	91.09	-145.8
4552.0343	91.09	-149.7
4618.2452	91.04	-153.8
4685.4191	90.89	-158
4753.5701	90.6	-161.8
4822.7123	90.26	-164.2
4892.8603	90	-166.2
4964.0286	89.78	-167.9
5036.2321	89.54	-169.4
5109.4857	89.36	-169.9
5183.8049	89.34	-170.6
5259.2051	89.42	-171.4
5335.702	89.5	-173.7
5413.3116	89.35	-175.8
5492.05	89.18	-176.6
5571.9337	89.2	-176.4
5652.9794	89.43	-177
5735.2038	89.66	-179
5818.6243	89.77	178.5
5903.2581	89.85	176
5989.123	89.9	172.7
6076.2368	89.8	169
6164.6177	89.46	165.2
6254.2841	88.9	163.2
6345.2548	88.35	163.3
6437.5486	87.95	164.8
6531.1849	87.76	167
6626.1832	87.81	169.6
6722.5633	88.09	171
6820.3452	88.34	170.5
6919.5494	88.39	170.2
7020.1966	88.5	171.2
7122.3077	88.94	172
7225.904	89.48	170.1
7331.0072	89.81	166.7
7437.6392	89.82	162.6
7545.8221	89.48	159.1
7655.5786	88.85	158.2
7766.9316	88.35	160.7
7879.9042	88.26	163.9
7994.5201	88.26	167.1
8110.803	88.55	172
8228.7774	89.55	176
8348.4677	90.83	175.4
8469.899	91.94	170.8
8593.0965	92.59	163.5
8718.086	92.64	155.7
8844.8934	92.2	149.3
8973.5454	91.44	145.8
9104.0686	90.62	146.5
9236.4903	90.37	151.2
9370.8382	91	154.5
9507.1402	91.89	152.6
9645.4247	92.34	147.1
9785.7206	92.25	141.2
9928.0572	91.85	136.7
10072.464	91.3	133.5
10218.971	90.6	132.3
10367.61	90.07	133.5
10518.41	89.81	134.9
10671.404	89.65	135.7
10826.623	89.33	136.9
10984.1	89.32	140.8
11143.867	89.93	141.9
11305.959	90.21	138.7
11470.408	89.97	136
11637.249	89.63	134.9
11806.516	89.23	134.1
11978.246	88.62	135.4
12152.474	88.33	139.9
12329.235	88.63	144.3
12508.568	89.22	146.7
12690.51	90.07	144.5
12875.097	90.1	137.2
13062.37	89.04	133.3
13252.366	88.04	136.8
13445.127	87.67	142.6
13640.69	87.83	149.7
13839.099	89.1	153.1
14040.393	89.79	146.5
14244.615	89.28	141.6
14451.808	88.36	141.1
14662.014	87.44	145.1
14875.278	87.29	156.9
15091.644	88.9	160.2
15311.157	89.63	156.4
15533.863	89.62	152.1
15759.808	89.16	150.5
15989.04	88.56	153.1
16221.606	88.61	156.7
16457.555	89.25	162.9
16696.935	90.16	158.8
16939.798	90.12	156.4
17186.193	90.3	153.9
17436.172	89.27	150
17689.787	89.07	158.8
17947.091	89.54	160.9
18208.137	90.23	160.9
18472.981	90.62	153.3
18741.676	89.27	152
19014.28	88.5	158.1
19290.849	89.45	167
19571.441	90.83	164.5
19856.114	90.95	157.7
20144.928	89.86	152.6
20437.943	89.17	160.2
20735.22	90.29	167
21036.82	91.77	161.2
21342.808	90.96	150.2
21653.246	89.38	149.9
21968.2	89.08	162.1
22287.735	90.81	161.2
22611.917	90.85	152
22940.815	89.14	148.7
23274.497	88.45	159.6
23613.033	89.78	163.5
23956.492	90.2	153.2
24304.947	88.65	149.5
24658.471	87.43	159.5
25017.137	88.79	163.4
25381.019	88.88	157.2
25750.195	87.21	154.5
26124.74	87.07	167.1
26504.733	88.25	167
26890.253	87.98	159.6
27281.381	86.52	161.7
27678.198	87.15	169.6
28080.786	87.36	164.2
28489.231	86.12	161.8
28903.616	85.96	168.8
29324.029	86.59	166.9
29750.557	85.27	162.8
30183.289	84.43	168.7
30622.315	84.44	171.2
31067.726	83.7	168.4
31519.617	82.41	178.1
31978.08	82.35	-174.7
32443.212	82.41	-174.4
32915.11	81.7	-166.8
33393.871	82.95	-160.8
33879.596	82.13	-161.1
34372.386	82.23	-151.1
34872.344	83.21	-148.9
35379.574	83.22	-145.8
35894.182	84.04	-137.9
36416.274	85.16	-142.8
36945.961	84.44	-146.4
37483.353	85.6	-144.7
38028.561	85.27	-149
38581.699	84.72	-146.7
39142.882	85.05	-152.7
39959.473	84.27	-151.6
