4.39453	68.4	-12.8
4.9182	66.26	-59.1
4.98973	65.98	-64.7
5.06231	65.7	-70.1
5.13594	65.42	-75.4
5.21065	65.15	-80.3
5.28644	64.87	-84.9
5.36333	64.61	-89.2
5.44134	64.34	-92.9
5.52049	64.09	-96.2
5.60078	63.84	-98.9
5.68225	63.6	-101
5.7649	63.37	-102.3
5.84875	63.16	-102.9
5.93382	62.94	-102.2
6.02013	62.72	-99.6
6.1077	62.5	-95.4
6.19654	62.27	-89.7
6.28667	62.04	-82.7
6.37811	61.81	-74.7
6.47088	61.58	-65.8
6.565	61.36	-56.5
6.66049	61.16	-46.9
6.75737	60.96	-37.4
6.85566	60.79	-28.4
6.95538	60.64	-20.2
7.05655	60.52	-13.3
7.15919	60.44	-8.2
7.26332	60.39	-5.2
7.36897	60.41	-5
7.47615	60.72	-7.5
7.58489	61.32	-12.5
7.69522	62.18	-19.6
7.80715	63.26	-28.3
7.92071	64.5	-38.4
8.03592	65.86	-49.2
8.1528	67.27	-60.2
8.27139	68.67	-71
8.3917	70	-80.8
8.51376	71.17	-89
8.63759	72.1	-94.8
8.76323	72.71	-97.5
8.89069	73.05	-93.9
9.02001	73.37	-79.8
9.15121	73.67	-56.8
9.28432	73.96	-26.8
9.41936	74.22	8
9.55637	74.45	45.2
9.69537	74.66	82.3
9.83639	74.83	116.4
9.97946	74.95	144.4
10.12462	75.03	163.1
10.27188	75.05	169
10.42129	74.91	165.8
10.57287	74.59	158.1
10.72666	74.09	147
10.88268	73.47	133.6
11.04098	72.75	119.2
11.20157	71.98	105
11.3645	71.2	92.6
11.5298	70.46	83.5
11.69751	69.8	79.5
11.86765	69.19	80.4
12.04027	68.5	83.5
12.2154	67.76	88.2
12.39308	67.03	93.9
12.57334	66.35	100
12.75622	65.76	105.6
12.94176	65.33	110
13.13001	65.12	112.3
13.32099	65.31	111
13.51474	66.14	104.8
13.71132	67.45	94.4
13.91076	69.02	80.8
14.11309	70.62	65.3
14.31837	72	48.9
14.52664	72.87	32.9
14.73793	73.02	18.2
14.9523	73	0.2
15.16979	72.95	-20.3
15.39044	72.88	-41.3
15.6143	72.78	-60.2
15.84141	72.67	-74.4
16.07183	72.53	-81.1
16.3056	72.2	-69.1
16.54277	71.44	-27.7
16.78339	70.32	31.4
17.02751	68.95	94.9
17.27518	67.45	148.3
17.52646	65.94	176
17.78138	64.26	158.6
18.04002	61.99	94.5
18.30242	59.52	5
18.56863	57.27	-86.5
18.83872	55.71	-154.3
19.11274	55.34	-171
19.39074	56.06	-133.7
19.67278	57.41	-64.2
19.95893	58.95	15
20.24924	60.19	79.2
20.54377	60.62	101.6
20.84259	59.65	85.3
21.14575	57.63	51.7
21.45332	55.34	13.4
21.76537	53.58	-15.5
22.08195	53.15	-21.1
22.40314	53.12	-7
22.729	53.09	16.3
23.0596	53.08	39.1
23.39501	53.07	51.1
23.7353	53.65	43
24.08054	55.29	17.7
24.4308	57.17	-16.6
24.78615	58.39	-50.9
25.14667	57.21	-81.6
25.51244	51.99	-118.1
25.88353	45.62	-151.5
26.26001	41.47	-170.7
26.64197	42.65	-160.8
27.02949	47.88	-120.7
27.42264	53.81	-75.2
27.82151	56.78	-52.5
28.22619	56.63	-58.2
28.63675	56.31	-71.9
29.05328	56.02	-86.7
29.47587	55.98	-96.2
29.9046	56.1	-104.3
30.33958	56.26	-110.8
30.78088	56.33	-113.3
31.22859	55.86	-103.2
31.68282	54.98	-84.4
32.14366	54.39	-71.8
32.6112	55.95	-79.3
33.08554	60.18	-100.6
33.56678	63.42	-116.8
34.05502	63.26	-73
34.55036	61.93	64.8
35.05291	60.16	168.7
35.56277	57.68	120.9
36.08004	54.25	-21.3
36.60484	52.4	-120.4
37.13727	52.92	-140.5
37.67744	54.02	-153.2
38.22547	54.82	-155.7
38.78147	55.4	-144.6
39.34556	55.78	-132.2
39.91786	55.76	-134.5
40.49848	55.55	-147.7
41.08754	55.46	-154.3
41.68517	56.42	-149.7
42.2915	57.6	-144.1
42.90664	57.28	-148.9
43.53073	56.03	-164.4
44.1639	55.78	-168.1
44.80628	57.2	-155.7
45.458	58.12	-147.8
46.1192	57.59	-161
46.79002	57.01	-175.4
47.4706	58.12	-173.2
48.16108	59.98	-164.3
48.86159	60.1	-68.3
49.5723	60.08	124.4
50.29335	57.19	64.6
51.02488	49.86	-140.1
51.76706	51.26	-75.9
52.52003	56.84	146.5
53.28395	55.53	172.7
54.05898	51.81	176.3
54.84529	53.04	178.8
55.64303	55.73	180
56.45238	57.19	179.3
57.27349	58.14	176.1
58.10656	58.74	146.9
58.95174	57.56	136.3
59.80921	50.82	136
60.67915	51.7	137.9
61.56175	54.14	142.7
62.45719	51.23	147.2
63.36565	50.38	146.1
64.28732	52.31	134.6
65.2224	49.69	148.9
66.17109	47.73	159.7
67.13357	51.66	134.2
68.11005	38.96	118.6
69.10073	26.66	78.5
70.10582	40.48	-148.7
71.12554	49.31	-153.2
72.16008	52.01	-74.8
73.20967	52.13	174.7
74.27453	51.43	-64.2
75.35488	52.82	-159.2
76.45094	55.15	-169.6
77.56295	55.23	-165.5
78.69113	56.9	107
79.83571	56.77	169.6
80.99695	56.48	160.6
82.17508	57.08	140.1
83.37034	51.33	137.6
84.58299	52.85	140.3
85.81328	50.76	151.3
87.06146	50.6	153.2
88.3278	51.96	153.6
89.61256	50.05	168.7
90.916	53.96	157.1
92.23841	52.3	161.4
93.58005	54.98	146.5
94.9412	51.85	144.5
96.32215	53.67	142.7
97.72319	52.08	143.5
99.14461	53.77	141.5
100.5867	53.17	136.1
102.04976	53.78	127.4
103.53411	51.87	128.3
105.04005	53.96	126.9
106.56789	52.74	114.5
108.11796	53.94	109.9
109.69057	51.04	95.3
111.28606	52.95	102.5
112.90475	51.25	83.7
114.54699	53.17	77.1
116.21311	50.22	40.8
117.90347	47.34	23.8
119.61842	41.05	-3.9
121.35831	43.54	-50.1
123.1235	40.67	-144
124.91438	43.15	-128.8
126.7313	45.09	-165.1
128.57465	49.03	131.9
130.44481	47.07	161.9
132.34217	48.97	139.4
134.26713	47.91	124.8
136.22009	42.16	103.4
138.20146	44.2	115.7
140.21165	43.73	113.6
142.25107	36.8	83.8
144.32016	40	98.4
146.41935	40.5	108.1
148.54906	34.11	60.4
150.70976	31.96	-35.6
152.90188	37.63	-163.1
155.12589	43.02	170.6
157.38225	41.4	-30.9
159.67143	37.84	150.4
161.9939	35.93	137.7
164.35016	39.12	148
166.74069	38.81	165.6
169.16599	38.32	-18.1
171.62656	34.56	130.6
174.12293	28.42	80.3
176.6556	23.83	53.5
179.22512	31.72	98.5
181.83201	35.94	151.4
184.47682	33.59	167.2
187.16009	31.6	-153
189.8824	36.79	-113.7
192.6443	37.7	-129.2
195.44638	34.32	-116.9
198.28921	36.5	-98.3
201.1734	37.96	-101.1
204.09953	38.58	-106
207.06823	39.53	-110.1
210.0801	39.71	-117.9
213.13579	40.39	-125.2
216.23592	40.78	-133.3
219.38114	40.46	-141.6
222.57212	39.66	-135
225.8095	41.44	-119.6
229.09398	44.21	-116.8
232.42622	43.58	-130.6
235.80694	41.75	-128.3
239.23683	42.12	-132.9
242.71661	43.39	-141.5
246.24701	44.35	-144.4
249.82875	43.74	-144.2
253.4626	42.25	-150.8
257.14929	42.68	-161.8
260.88962	43.11	-167.5
264.68434	37.68	-169.3
268.53427	35.23	-159.1
272.44019	38.51	-152.6
276.40292	36.44	-113.3
280.42329	40.3	-116.2
284.50214	42.75	-139.9
288.64032	39.09	-138.4
292.83869	42.09	-148.9
297.09813	38.41	-146.2
301.41952	40.85	-154.4
305.80377	36.18	-153.2
310.25179	39.19	-150.9
314.7645	34.33	-144.7
319.34286	39.05	-149.7
323.98781	31.82	-154.9
328.70032	31.79	-133.3
333.48138	35.81	-108.9
338.33197	32.37	-98.3
343.25313	37.56	-114.7
348.24586	38.11	-115.2
353.31121	35.85	-110.4
358.45024	35.09	-120.6
363.66402	37.79	-121.2
368.95363	38.01	-125.2
374.32019	34.86	-116.7
379.7648	34.03	-108.5
385.28861	32.83	-116
390.89276	31.18	-116
396.57842	31.6	-115.6
402.34679	30.13	-110.2
408.19906	30.17	-95.9
414.13645	31.3	-93.2
420.1602	29.93	-95.2
426.27158	28.33	-97.2
432.47184	29.03	-77.3
438.76229	33.42	-89.9
445.14423	36.34	-99.4
451.619	35.16	-108.5
458.18795	31.46	-135.1
464.85245	29.93	-173.9
471.61388	25.63	-145.8
478.47367	24.04	25.3
485.43323	25.31	7.1
492.49401	25.98	-55.1
499.6575	26.03	86.7
506.92519	25.27	33.6
514.29859	33.01	56.1
521.77923	32.67	17.4
529.36869	34.97	30.2
537.06853	34.83	22.7
544.88037	34.82	1.9
552.80584	34.13	19.5
560.84659	34.23	32
569.00429	34.44	22
577.28065	35.28	16
585.67739	35.26	22.9
594.19626	36.62	36.6
602.83904	38.12	38.6
611.60754	38.83	36
620.50358	39.81	34
629.52901	40.92	27.7
638.68572	41.75	20.7
647.97562	41.65	16
657.40064	40.54	14.7
666.96275	40.31	6.5
676.66395	40.71	-2.1
686.50625	38.22	-1.7
696.49171	37.56	-2.3
706.62242	37.54	-6.3
716.90048	35.32	-5.5
727.32804	34.97	-9.1
737.90727	35.21	-15.6
748.64037	29.64	-27.7
759.5296	27.65	26.7
770.57721	27.8	24.3
781.78552	26.32	39.3
793.15685	25.26	56.6
804.69358	25	90.4
816.39812	27.06	104.5
828.2729	26.99	123.8
840.32041	31.56	146.9
852.54315	35.17	137.6
864.94368	35.93	130.5
877.52457	36.04	126.7
890.28846	35.34	126.9
903.238	35.15	136.9
916.3759	35.71	145.7
929.7049	36.74	151
943.22777	36.66	157.6
956.94733	38.47	167
970.86645	40.22	169
984.98803	41.42	166.6
999.31501	42.39	165.3
1013.8504	43.27	160.6
1028.5972	43.15	157.4
1043.5585	43.6	157.6
1058.7374	44.27	154.1
1074.1371	44.42	146.7
1089.7607	44.08	142.5
1105.6117	43.86	138.3
1121.6932	43.89	132.6
1138.0086	43.22	121.8
1154.5613	42.43	110.7
1171.3548	41.02	100.3
1188.3925	40.38	87.3
1205.6781	40.08	70.3
1223.2151	40.41	50
1241.0072	41.15	34
1259.058	42.71	20.2
1277.3714	44.63	11.8
1295.9512	46.84	2
1314.8013	48.9	-6.6
1333.9255	50.78	-15.8
1353.3279	52.46	-24.7
1373.0125	54	-33.6
1392.9834	55.41	-43.8
1413.2448	56.72	-54.2
1433.801	57.91	-66.6
1454.6561	58.88	-80.2
1475.8145	59.64	-95.1
1497.2807	60.34	-111
1519.0592	61.18	-128
1541.1544	62.02	-147.1
1563.571	62.9	-167.2
1586.3137	63.93	172.6
1609.3872	65.14	152.1
1632.7962	66.36	132.1
1656.5458	67.68	112.9
1680.6408	69	94.4
1705.0863	70.25	76.2
1729.8874	71.42	58.8
1755.0491	72.61	42.4
1780.5769	73.78	26.1
1806.476	74.93	10.7
1832.7518	76.22	-3.2
1859.4098	77.88	-15.9
1886.4555	80.19	-29.1
1913.8947	83.22	-47.9
1941.7329	85.46	-75.6
1969.9761	86.29	-101.2
1998.63	86.97	-120.9
2027.7008	87.84	-139.2
2057.1943	88.58	-157.1
2087.1169	89.24	-174
2117.4747	89.77	170
2148.2741	90.25	154.6
2179.5215	90.63	139.8
2211.2234	90.83	125.3
2243.3863	90.9	112.1
2276.0171	90.9	99.7
2309.1226	90.85	88.6
2342.7095	90.8	78.1
2376.785	90.81	68.1
2411.3562	90.69	58
2446.4302	90.48	49.1
2482.0143	90.28	41.8
2518.116	90.22	34.7
2554.7429	90.22	28.2
2591.9025	90.22	21.5
2629.6026	90.29	15.6
2667.851	90.4	10
2706.6558	90.67	3.7
2746.025	90.78	-2.9
2785.9669	90.85	-8.5
2826.4897	91.03	-13.9
2867.6019	91.26	-19.5
2909.3121	91.46	-25.7
2951.6291	91.56	-31.6
2994.5615	91.65	-37.2
3038.1184	91.77	-42.5
3082.3088	91.91	-48.2
3127.1421	91.97	-54.1
3172.6274	91.95	-59.9
3218.7743	91.89	-65.3
3265.5925	91.71	-70.6
3313.0916	91.48	-74.2
3361.2816	91.52	-77.5
3410.1726	91.43	-81.4
3459.7747	91.42	-83.9
3510.0983	91.55	-87
3561.1538	91.68	-90.5
3612.952	91.78	-93.6
3665.5036	92.03	-97.1
3718.8196	92.12	-101.4
3772.9111	92.17	-105.2
3827.7893	92.25	-108.8
3883.4658	92.19	-112.3
3939.9521	92.24	-114.7
3997.26	92.36	-117.5
4055.4015	92.44	-120.2
4114.3887	92.65	-122.5
4174.2339	92.91	-125.8
4234.9495	93.18	-129.2
4296.5482	93.47	-133.4
4359.043	93.67	-138.5
4422.4467	93.76	-143.5
4486.7727	93.74	-148.9
4552.0343	93.56	-153.9
4618.2452	93.35	-158.4
4685.4191	93	-162.3
4753.5701	92.63	-165.4
4822.7123	92.23	-167.9
4892.8603	91.81	-168.9
4964.0286	91.61	-169
5036.2321	91.55	-169.9
5109.4857	91.53	-170.8
5183.8049	91.47	-172.1
5259.2051	91.43	-173.4
5335.702	91.36	-174.7
5413.3116	91.3	-175
5492.05	91.33	-175.3
5571.9337	91.5	-175.3
5652.9794	91.75	-176
5735.2038	92.05	-177.1
5818.6243	92.37	-179.3
5903.2581	92.63	177.9
5989.123	92.8	174.4
6076.2368	92.82	170.5
6164.6177	92.63	167
6254.2841	92.34	164.4
6345.2548	91.97	162.7
6437.5486	91.65	162.8
6531.1849	91.53	163.6
6626.1832	91.57	164.2
6722.5633	91.68	164.5
6820.3452	91.86	164.4
6919.5494	92.08	164.2
7020.1966	92.37	163.4
7122.3077	92.68	161.6
7225.904	92.95	159.1
7331.0072	93.12	155.8
7437.6392	93.13	152.1
7545.8221	92.93	148.5
7655.5786	92.48	146
7766.9316	91.95	145.4
7879.9042	91.46	146.8
7994.5201	91.22	150.2
8110.803	91.45	153.9
8228.7774	92	155.9
8348.4677	92.68	155.6
8469.899	93.29	153.1
8593.0965	93.66	148.9
8718.086	93.71	144.1
8844.8934	93.33	139.3
8973.5454	92.46	137.6
9104.0686	91.72	141.5
9236.4903	91.81	147.5
9370.8382	92.6	151.4
9507.1402	93.58	150.4
9645.4247	94.22	146.1
9785.7206	94.48	140.7
9928.0572	94.19	135.4
10072.464	93.59	133.7
10218.971	93.28	134.3
10367.61	93.11	135.1
10518.41	93.16	135.9
10671.404	93.1	136
10826.623	93.13	137.5
10984.1	93.36	138.7
11143.867	93.85	139.1
11305.959	94.32	136.1
11470.408	94.38	132.7
11637.249	94.27	129.7
11806.516	93.89	127.8
11978.246	93.49	126.9
12152.474	92.91	129
12329.235	92.99	133.7
12508.568	93.66	136.1
12690.51	94.43	133.5
12875.097	94.62	128.4
13062.37	94.21	122.9
13252.366	93.2	121.9
13445.127	92.57	126.3
13640.69	92.87	131.5
13839.099	93.49	131.6
14040.393	93.81	128.6
14244.615	93.56	124.9
14451.808	92.95	122.9
14662.014	92.05	125.6
14875.278	91.93	133.6
15091.644	92.96	137.3
15311.157	93.62	133.5
15533.863	93.53	128.8
15759.808	92.96	126.9
15989.04	92.36	128.7
16221.606	92.19	133.1
16457.555	92.53	136.4
16696.935	93.08	136.6
16939.798	93.32	133.6
17186.193	92.98	129.7
17436.172	91.96	130.5
17689.787	91.58	138.3
17947.091	92.3	143.8
18208.137	93.48	144.1
18472.981	94.14	137.4
18741.676	93.25	129.5
19014.28	91.62	133.3
19290.849	91.92	144.2
19571.441	93.27	145.5
19856.114	93.83	139.3
20144.928	92.96	133
20437.943	91.49	138.4
20735.22	92.46	150
21036.82	94.2	144.6
21342.808	93.77	132.2
21653.246	91.56	131.8
21968.2	91.29	147.4
22287.735	92.99	148.1
22611.917	93.18	139.2
22940.815	91.55	135.6
23274.497	90.57	148.1
23613.033	92.21	154
23956.492	92.84	144.4
24304.947	91.1	139
24658.471	89.67	152.1
25017.137	91.37	160.9
25381.019	92.08	152
25750.195	90.31	149
26124.74	89.96	161.8
26504.733	91.34	162.9
26890.253	91.21	156.2
27281.381	89.69	159.5
27678.198	90.37	168.3
28080.786	90.81	162.5
28489.231	89.63	161.5
28903.616	89.29	170.2
29324.029	90.03	168.3
29750.557	88.79	164.1
30183.289	87.81	173.3
30622.315	88.25	178.9
31067.726	87.83	177.3
31519.617	87.02	-174.5
31978.08	87.67	-167.2
32443.212	87.93	-168.1
32915.11	87.18	-162.7
33393.871	88.18	-157.6
33879.596	87.82	-159.3
34372.386	87.78	-149.1
34872.344	88.61	-149.3
35379.574	87.91	-150.9
35894.182	87.89	-142.7
36416.274	88.26	-143.4
36945.961	87.62	-138.1
37483.353	88.55	-131
38028.561	88.56	-132.3
38581.699	88.74	-126.5
39142.882	89.36	-128.5
39959.473	89.27	-129.4
