4.39453	65.06	143.8
4.9182	65.97	77.1
4.98973	66.08	68.6
5.06231	66.19	60.3
5.13594	66.29	52.1
5.21065	66.39	44.1
5.28644	66.48	36.3
5.36333	66.56	28.9
5.44134	66.63	21.8
5.52049	66.7	15.2
5.60078	66.75	9
5.68225	66.79	3.4
5.7649	66.82	-1.7
5.84875	66.83	-6
5.93382	66.81	-9.8
6.02013	66.75	-13.3
6.1077	66.66	-16.6
6.19654	66.53	-19.7
6.28667	66.37	-22.6
6.37811	66.19	-25.4
6.47088	65.98	-28
6.565	65.77	-30.5
6.66049	65.55	-32.9
6.75737	65.34	-35.3
6.85566	65.13	-37.6
6.95538	64.94	-40
7.05655	64.79	-42.5
7.15919	64.67	-45.2
7.26332	64.6	-48
7.36897	64.6	-51
7.47615	64.67	-54.5
7.58489	64.81	-58.4
7.69522	65	-62.5
7.80715	65.25	-66.7
7.92071	65.52	-71.1
8.03592	65.83	-75.3
8.1528	66.13	-79.4
8.27139	66.43	-83.2
8.3917	66.7	-86.5
8.51376	66.93	-89.1
8.63759	67.09	-91
8.76323	67.17	-91.8
8.89069	67.14	-88.4
9.02001	67.03	-75.5
9.15121	66.85	-54.4
9.28432	66.62	-26.9
9.41936	66.35	4.9
9.55637	66.06	39
9.69537	65.77	73
9.83639	65.5	104.2
9.97946	65.28	129.9
10.12462	65.14	147
10.27188	65.09	152.4
10.42129	65.12	148.4
10.57287	65.19	139
10.72666	65.29	125.2
10.88268	65.42	108.4
11.04098	65.57	89.9
11.20157	65.74	71.4
11.3645	65.91	54.4
11.5298	66.08	40.9
11.69751	66.23	32.8
11.86765	66.37	29.4
12.04027	66.49	26.7
12.2154	66.62	24.7
12.39308	66.74	22.9
12.57334	66.89	21.3
12.75622	67.05	19.6
12.94176	67.25	17.5
13.13001	67.5	14.7
13.32099	67.94	11
13.51474	68.86	6
13.71132	70.12	0
13.91076	71.55	-6.9
14.11309	72.97	-14.5
14.31837	74.16	-22.7
14.52664	74.91	-31.3
14.73793	75.04	-40.1
14.9523	75.02	-50.3
15.16979	74.99	-61.7
15.39044	74.93	-74
15.6143	74.86	-86.6
15.84141	74.77	-99
16.07183	74.66	-110.9
16.3056	73.79	-122.9
16.54277	71.12	-136.5
16.78339	67.38	-150.4
17.02751	63.38	-163
17.27518	60.03	-172.5
17.52646	58.3	-177.1
17.78138	58.8	-173.2
18.04002	60.77	-158.9
18.30242	63.53	-138.9
18.56863	66.34	-118.5
18.83872	68.42	-103.4
19.11274	68.98	-99.7
19.39074	68.7	-108.1
19.67278	68.15	-123.6
19.95893	67.43	-141.4
20.24924	66.66	-155.7
20.54377	65.98	-160.8
20.84259	65.24	-159.4
21.14575	64.4	-156
21.45332	63.62	-150.6
21.76537	63.1	-143.2
22.08195	62.99	-129.6
22.40314	63.06	-65.7
22.729	63.17	32.2
23.0596	63.29	126.3
23.39501	63.35	175.3
23.7353	62.46	140.3
24.08054	59.97	39.6
24.4308	57.1	-76.1
24.78615	55.23	-151.5
25.14667	55.45	-132.5
25.51244	56.94	-30.8
25.88353	58.77	93.5
26.26001	59.96	174.4
26.64197	59.67	178.3
27.02949	58.25	173.7
27.42264	56.4	167.6
27.82151	54.88	162.2
28.22619	53.8	158.9
28.63675	52.8	156.3
29.05328	52.04	152.5
29.47587	51.64	135
29.9046	51.35	39.3
30.33958	51.15	-79.4
30.78088	51.08	-134.9
31.22859	52.06	-60
31.68282	53.9	80.4
32.14366	55.14	174.8
32.6112	54.55	117.6
33.08554	52.87	-43.7
33.56678	51.59	-167.5
34.05502	51.9	-122.7
34.55036	53.09	37.2
35.05291	53.98	157.7
35.56277	53.42	98
36.08004	51.83	-74.2
36.60484	50.85	-179.7
37.13727	52.55	-84
37.67744	55.67	92.5
38.22547	56.77	155.7
38.78147	56.3	143.5
39.34556	55.77	126.4
39.91786	55.77	116
40.49848	56	108.5
41.08754	56.12	99.2
41.68517	55.9	84.6
42.2915	55.52	68.5
42.90664	55.13	56.3
43.53073	54.67	45.9
44.1639	54.24	34.1
44.80628	53.8	19.8
45.458	53.52	7.4
46.1192	53.41	-0.5
46.79002	53.36	-8.6
47.4706	53.41	-24.7
48.16108	53.5	-42
48.86159	52.26	-46.7
49.5723	49.5	-48.9
50.29335	50.24	-44.9
51.02488	53.75	-34.3
51.76706	57.11	-39.4
52.52003	60.43	-62.4
53.28395	62.52	-94.6
54.05898	63.81	-127.2
54.84529	63.48	-6.9
55.64303	62.38	166.2
56.45238	59.99	142.2
57.27349	56.76	105
58.10656	53.87	74.1
58.95174	47.44	52.5
59.80921	34.18	38.1
60.67915	39.35	45.8
61.56175	50.81	59.6
62.45719	52.88	11.2
63.36565	52.68	-33.5
64.28732	49.77	-57.3
65.2224	50.66	-70.7
66.17109	51.2	-85.3
67.13357	47.63	-111.1
68.11005	48.87	-106.1
69.10073	51.07	-104.1
70.10582	51.7	-159.7
71.12554	47.69	-0.4
72.16008	42.15	102.8
73.20967	39.68	16.9
74.27453	44.43	-24.4
75.35488	46.74	-51.4
76.45094	47.52	-70.9
77.56295	48.25	-86.2
78.69113	45.58	-91.5
79.83571	46.85	-89.2
80.99695	48.43	-90.8
82.17508	47.27	-107.9
83.37034	48.13	-99.8
84.58299	47.24	-115.4
85.81328	46.48	-109.4
87.06146	46.37	-101.2
88.3278	47.37	-100.3
89.61256	50.39	-102.9
90.916	50.1	-127.3
92.23841	49.55	-128.5
93.58005	48.75	-149.4
94.9412	46.34	-145.9
96.32215	44.17	-156.6
97.72319	42.15	-129.3
99.14461	40.34	-130.2
100.5867	42.05	-97.2
102.04976	43.3	-92.5
103.53411	45.96	-80.9
105.04005	48.67	-84.4
106.56789	51.24	-91.8
108.11796	52.2	-106.3
109.69057	53.39	-114.1
111.28606	53.42	-131.5
112.90475	53.23	-133.5
114.54699	54.06	-147.7
116.21311	53.81	-163.7
117.90347	52.31	-3.6
119.61842	50.09	173.3
121.35831	46.08	-156.5
123.1235	47.13	176
124.91438	44.85	-175.6
126.7313	44.17	-165.8
128.57465	45.18	-160.2
130.44481	45.47	-149.3
132.34217	46.97	-163.4
134.26713	46.03	-169.5
136.22009	44.81	-161.1
138.20146	45.34	-163.6
140.21165	46.91	-159.9
142.25107	46.8	-167.6
144.32016	45.88	-175.9
146.41935	45.94	-179.2
148.54906	44.99	-171.1
150.70976	45.59	-178.9
152.90188	45.61	172.6
155.12589	45.3	165
157.38225	42.59	160.9
159.67143	39.37	169.4
161.9939	39.86	-45.1
164.35016	42.01	-178.4
166.74069	42.5	148.5
169.16599	41.48	173.8
171.62656	39.05	159.3
174.12293	34.23	172.1
176.6556	35.94	-170.3
179.22512	37.68	-166.4
181.83201	39.45	-171.1
184.47682	37.66	-176.6
187.16009	36.07	-162.1
189.8824	36.72	-153.5
192.6443	36.4	-147.5
195.44638	35.76	-136
198.28921	38.36	-128.9
201.1734	39.04	-139.1
204.09953	38.75	-138.9
207.06823	39.44	-149.1
210.0801	37.43	-154.5
213.13579	36.02	-144.8
216.23592	36.58	-138
219.38114	35.84	-128.2
222.57212	37.18	-110.4
225.8095	41.49	-102.4
229.09398	44.1	-111.8
232.42622	44.44	-127.4
235.80694	44.19	-133.7
239.23683	44.09	-145.8
242.71661	44.21	-153.2
246.24701	43.98	-161
249.82875	41.54	-166.1
253.4626	40.31	-161.5
257.14929	40.59	-164.5
260.88962	40.19	-166.3
264.68434	37.41	-164
268.53427	36.78	-154
272.44019	39.52	-149.4
276.40292	38.38	-153
280.42329	37.8	-160.3
284.50214	36.43	-150.3
288.64032	35.51	-133.2
292.83869	38.78	-137.6
297.09813	36.79	-136.1
301.41952	38.24	-130.7
305.80377	38.94	-126.8
310.25179	40.39	-132.2
314.7645	40.6	-135.2
319.34286	41.92	-144.8
323.98781	40.97	-151.3
328.70032	41.63	-160.8
333.48138	40.75	-171.3
338.33197	38.85	174.7
343.25313	37.38	175.1
348.24586	35.89	170.7
353.31121	31.1	153.7
358.45024	25.3	-174.7
363.66402	27.76	-138.5
368.95363	32.57	-114
374.32019	33.74	-122.1
379.7648	34.04	-123.7
385.28861	35.92	-136.5
390.89276	36.03	-153.7
396.57842	34.33	-168.9
402.34679	32	-172.3
408.19906	31.43	-174.6
414.13645	29.3	109.4
420.1602	26.07	148.7
426.27158	26.75	-174.4
432.47184	26.88	126.5
438.76229	27.67	-19.3
445.14423	25.83	158.3
451.619	23.79	106.3
458.18795	26.17	56.9
464.85245	26	24.9
471.61388	25.45	-30.6
478.47367	20.75	-5.6
485.43323	25.37	24
492.49401	27.69	-12.9
499.6575	25.95	2
506.92519	27.1	-31
514.29859	24.51	30.2
521.77923	29.36	5.1
529.36869	31.43	-1.4
537.06853	29.73	-24.2
544.88037	25.11	-47.9
552.80584	23.24	26.6
560.84659	27.64	25.2
569.00429	26.32	0.9
577.28065	22.8	-4.8
585.67739	19.86	73.4
594.19626	27.84	93.3
602.83904	32.84	88.1
611.60754	35.54	81.8
620.50358	36.75	72.7
629.52901	38.61	66.3
638.68572	39.81	55.2
647.97562	40.52	48.5
657.40064	40.5	40.4
666.96275	39.91	32.2
676.66395	39.53	26.6
686.50625	38.66	30.8
696.49171	38.99	35.2
706.62242	40.71	29.3
716.90048	40.14	18.9
727.32804	39.75	12.7
737.90727	39.03	2
748.64037	36.61	-3.6
759.5296	34.76	0.9
770.57721	33.19	3.5
781.78552	31.64	8.9
793.15685	29.82	11.4
804.69358	26.26	17.8
816.39812	21.13	49.6
828.2729	23.41	105.4
840.32041	28.26	111.4
852.54315	26.86	119.5
864.94368	30.64	148
877.52457	34.67	147.4
890.28846	35.97	143.7
903.238	37.5	143.6
916.3759	38.84	143.3
929.7049	39.62	139.5
943.22777	39.77	139.4
956.94733	40.68	141.1
970.86645	41.2	140.8
984.98803	41.99	138.5
999.31501	42.13	139.7
1013.8504	42.38	140
1028.5972	42.82	142.8
1043.5585	43.78	145.6
1058.7374	44.85	143.1
1074.1371	45.59	138.4
1089.7607	45.96	133.6
1105.6117	46.31	127.9
1121.6932	46.46	121.6
1138.0086	46.18	113.4
1154.5613	45.75	107.3
1171.3548	45.47	100.8
1188.3925	45.19	90.1
1205.6781	44.26	81.4
1223.2151	44.03	73.7
1241.0072	44.17	62
1259.058	44.6	47.9
1277.3714	44.93	33.1
1295.9512	45.86	21.7
1314.8013	47.32	11.1
1333.9255	49.25	0.2
1353.3279	51.13	-11.8
1373.0125	52.98	-23.6
1392.9834	54.62	-36.4
1413.2448	56.2	-49
1433.801	57.52	-63
1454.6561	58.71	-76.8
1475.8145	59.83	-92
1497.2807	60.77	-108.3
1519.0592	61.72	-125.2
1541.1544	62.64	-143.7
1563.571	63.56	-162.8
1586.3137	64.59	71.8
1609.3872	65.72	157.8
1632.7962	66.89	138
1656.5458	68.14	118.5
1680.6408	69.41	99.7
1705.0863	70.67	81.4
1729.8874	71.84	63.8
1755.0491	73.04	47
1780.5769	74.21	30.7
1806.476	75.37	15.3
1832.7518	76.63	1.3
1859.4098	78.21	-11.4
1886.4555	80.51	-24.2
1913.8947	83.29	-42.9
1941.7329	85.61	-68
1969.9761	86.86	-94.2
1998.63	87.47	-115.7
2027.7008	88.3	-134
2057.1943	89.08	-153
2087.1169	89.56	-170.7
2117.4747	89.93	173.8
2148.2741	90.45	159.6
2179.5215	90.92	145
2211.2234	91.33	130.6
2243.3863	91.54	115.7
2276.0171	91.38	101.8
2309.1226	91.09	90.7
2342.7095	90.96	81.1
2376.785	91.01	71.9
2411.3562	91.02	61.3
2446.4302	90.73	51.6
2482.0143	90.52	44.3
2518.116	90.47	36.6
2554.7429	90.36	29.4
2591.9025	90.3	22.3
2629.6026	90.16	16.3
2667.851	90.28	11.1
2706.6558	90.5	4.4
2746.025	90.51	-2.3
2785.9669	90.54	-8.1
2826.4897	90.63	-13.7
2867.6019	90.72	-20.3
2909.3121	90.47	-26
2951.6291	90.42	-29.2
2994.5615	90.65	-33.2
3038.1184	90.83	-38.4
3082.3088	90.83	-43.4
3127.1421	90.96	-47.2
3172.6274	91.18	-52.2
3218.7743	91.32	-58
3265.5925	91.25	-63.4
3313.0916	91.28	-67.9
3361.2816	91.21	-73.5
3410.1726	91.03	-78
3459.7747	90.85	-81.6
3510.0983	90.8	-85
3561.1538	90.58	-88.2
3612.952	90.59	-89.9
3665.5036	90.72	-92.2
3718.8196	90.88	-94.9
3772.9111	91.06	-97.7
3827.7893	91.26	-101.4
3883.4658	91.37	-105.2
3939.9521	91.47	-109.1
3997.26	91.51	-113.5
4055.4015	91.35	-117.9
4114.3887	91.14	-120.6
4174.2339	91.02	-123.3
4234.9495	90.86	-125.4
4296.5482	90.84	-126.9
4359.043	90.92	-128.9
4422.4467	91.01	-130.5
4486.7727	91.18	-133.5
4552.0343	91.26	-136.8
4618.2452	91.25	-140.1
4685.4191	91.11	-143.1
4753.5701	90.91	-145.4
4822.7123	90.67	-146.9
4892.8603	90.49	-147.2
4964.0286	90.52	-146.8
5036.2321	90.72	-147.2
5109.4857	90.96	-148.2
5183.8049	91.22	-150.3
5259.2051	91.37	-152.6
5335.702	91.46	-155.1
5413.3116	91.47	-157
5492.05	91.51	-158.4
5571.9337	91.67	-159.2
5652.9794	91.95	-160.6
5735.2038	92.27	-163
5818.6243	92.51	-166
5903.2581	92.72	-169.6
5989.123	92.78	-173.8
6076.2368	92.64	-178.1
6164.6177	92.31	178.4
6254.2841	91.91	176.2
6345.2548	91.53	175.2
6437.5486	91.25	175.6
6531.1849	91.2	176.4
6626.1832	91.34	176.5
6722.5633	91.48	175.5
6820.3452	91.52	174.4
6919.5494	91.58	173.6
7020.1966	91.68	172.8
7122.3077	91.84	171.4
7225.904	91.99	169.2
7331.0072	92.02	166.4
7437.6392	91.87	163.3
7545.8221	91.49	160.7
7655.5786	90.93	159.7
7766.9316	90.37	161.1
7879.9042	90	164.6
7994.5201	90	169.6
8110.803	90.55	174.3
8228.7774	91.45	176.1
8348.4677	92.33	174.9
8469.899	93.08	171.7
8593.0965	93.63	166.7
8718.086	93.77	160.3
8844.8934	93.4	154.2
8973.5454	92.56	151.1
9104.0686	91.72	153.7
9236.4903	91.78	159.4
9370.8382	92.56	161.8
9507.1402	93.45	159.8
9645.4247	94.04	154.3
9785.7206	94.08	147.6
9928.0572	93.6	141.7
10072.464	92.74	139.1
10218.971	92.16	140.4
10367.61	91.96	141
10518.41	91.73	141
10671.404	91.45	141.5
10826.623	91.3	143.3
10984.1	91.47	144.4
11143.867	91.59	144
11305.959	91.73	142.3
11470.408	91.51	139.4
11637.249	91.02	138.2
11806.516	90.45	138.2
11978.246	89.93	140.2
12152.474	89.35	143.8
12329.235	89.56	151.8
12508.568	90.52	153.6
12690.51	91.17	150.4
12875.097	90.96	145.1
13062.37	90.26	142.6
13252.366	89.09	145.1
13445.127	88.79	153
13640.69	89.27	160.5
13839.099	90.3	161.9
14040.393	91.16	158.9
14244.615	90.93	151.6
14451.808	89.88	150.6
14662.014	88.97	156.2
14875.278	88.99	164.2
15091.644	89.97	170
15311.157	90.76	168
15533.863	91.01	164.4
15759.808	90.54	163.2
15989.04	89.91	165.7
16221.606	90	171.1
16457.555	90.32	176.4
16696.935	91.29	179.6
16939.798	92.12	176.2
17186.193	92.27	174.2
17436.172	92.17	172.5
17689.787	91.91	174.5
17947.091	92.48	178.9
18208.137	93.68	178.8
18472.981	94.33	170.2
18741.676	93.47	163.8
19014.28	92.55	166.7
19290.849	92.92	174.1
19571.441	94.31	172.6
19856.114	94.57	162.8
20144.928	93.29	156.5
20437.943	91.99	163.9
20735.22	93.14	172.7
21036.82	94.6	166.1
21342.808	94	154.4
21653.246	92.04	155.1
21968.2	92.05	167.6
22287.735	93.61	166.6
22611.917	93.69	156.7
22940.815	91.96	153
23274.497	91.35	163.9
23613.033	92.59	165.3
23956.492	92.75	156.4
24304.947	90.92	151.9
24658.471	89.94	163.8
25017.137	91.05	166.1
25381.019	90.95	159.5
25750.195	89.12	159.3
26124.74	88.89	172.6
26504.733	89.98	172.5
26890.253	89.33	167.1
27281.381	87.9	175.3
27678.198	88.92	-177.1
28080.786	89.13	178.6
28489.231	88.08	179.5
28903.616	88.36	-170
29324.029	89.36	-174.1
29750.557	88.24	-176.2
30183.289	87.83	-168.7
30622.315	88.79	-167.7
31067.726	88.03	-171.7
31519.617	87.23	-164.7
31978.08	87.94	-160.4
32443.212	87.73	-162.5
32915.11	87.14	-154.8
33393.871	88.45	-154.6
33879.596	87.8	-157.3
34372.386	87.94	-149.2
34872.344	88.57	-152.7
35379.574	87.77	-151.7
35894.182	88.16	-145.2
36416.274	88.51	-150.6
36945.961	87.62	-145.9
37483.353	88.61	-145.3
38028.561	87.77	-147.5
38581.699	88.1	-143.8
39142.882	87.93	-148
39959.473	87.26	-145.1
